[34m[Sep 29th 22:51][0m [36m147 commands loaded [0m
[34m[Sep 29th 22:51][0m [36m7 events loaded [0m
[34m[Sep 29th 22:51][0m [36m12 loggers loaded [0m
[34m[Sep 29th 22:51][0m [36mLogged in as Gvng#9846 on 1 servers [0m
[34m[Sep 29th 22:51][0m [36mStartup took 0.967 seconds [0m
[34m[Sep 29th 22:51][0m [33mLykkev#0707 ran help in Savash ♡ Marki [0m
[34m[Sep 29th 22:59][0m [36m147 commands loaded [0m
[34m[Sep 29th 22:59][0m [36m7 events loaded [0m
[34m[Sep 29th 22:59][0m [36m12 loggers loaded [0m
[34m[Sep 29th 22:59][0m [36mLogged in as Gvng#9846 on 1 servers [0m
[34m[Sep 29th 22:59][0m [36mStartup took 1.60 seconds [0m
[34m[Sep 29th 22:59][0m [36m147 commands loaded [0m
[34m[Sep 29th 22:59][0m [36m7 events loaded [0m
[34m[Sep 29th 22:59][0m [36m12 loggers loaded [0m
[34m[Sep 29th 22:59][0m [36mLogged in as Gvng#9846 on 1 servers [0m
[34m[Sep 29th 22:59][0m [36mStartup took 1.16 seconds [0m
[34m[Sep 29th 23:00][0m [36m147 commands loaded [0m
[34m[Sep 29th 23:00][0m [36m7 events loaded [0m
[34m[Sep 29th 23:00][0m [36m12 loggers loaded [0m
[34m[Sep 29th 23:00][0m [36mLogged in as Gvng#9846 on 1 servers [0m
[34m[Sep 29th 23:00][0m [36mStartup took 0.999 seconds [0m
[34m[Sep 29th 23:07][0m [33mLykkev#0707 ran server in Savash ♡ Marki [0m
[34m[Sep 29th 23:07][0m [33mLykkev#0707 ran ping in Savash ♡ Marki [0m
[34m[Sep 29th 23:08][0m [33mLykkev#0707 ran setup in Savash ♡ Marki [0m
[34m[Sep 29th 23:10][0m [36mRemoved from server: Savash ♡ Marki [0m
[34m[Sep 29th 23:14][0m [36mAdded to server: El servidor de Lykkev [0m
[34m[Sep 29th 23:15][0m [33mLykkev#0707 ran setup in El servidor de Lykkev [0m
[34m[Sep 29th 23:17][0m [36m147 commands loaded [0m
[34m[Sep 29th 23:17][0m [36m7 events loaded [0m
[34m[Sep 29th 23:17][0m [36m12 loggers loaded [0m
[34m[Sep 29th 23:17][0m [36mLogged in as Gvng#9846 on 1 servers [0m
[34m[Sep 29th 23:17][0m [36mStartup took 0.894 seconds [0m
[34m[Sep 29th 23:18][0m [33mLykkev#0707 ran ping in El servidor de Lykkev [0m
[34m[Sep 29th 23:18][0m [33mLykkev#0707 ran setup in El servidor de Lykkev [0m
[34m[Sep 29th 23:19][0m [33mLykkev#0707 ran setup in El servidor de Lykkev [0m
[34m[Sep 29th 23:20][0m [33mLykkev#0707 ran setup in El servidor de Lykkev [0m
[34m[Sep 29th 23:22][0m [33mLykkev#0707 ran setup in El servidor de Lykkev [0m
[34m[Sep 29th 23:25][0m [33mLykkev#0707 ran banner in El servidor de Lykkev [0m
[34m[Sep 29th 23:25][0m [33mLykkev#0707 ran prefix in El servidor de Lykkev [0m
[34m[Sep 29th 23:25][0m [33mLykkev#0707 ran prefix in El servidor de Lykkev: ! [0m
[34m[Sep 29th 23:25][0m [33mLykkev#0707 ran help in El servidor de Lykkev [0m
[34m[Sep 29th 23:25][0m [33mLykkev#0707 ran prefix in El servidor de Lykkev: $ [0m
[34m[Sep 29th 23:25][0m [33mLykkev#0707 ran setup in El servidor de Lykkev [0m
[34m[Sep 29th 23:27][0m [33mLykkev#0707 ran setup in El servidor de Lykkev [0m
[34m[Sep 29th 23:28][0m [33mLykkev#0707 ran help in El servidor de Lykkev: ban [0m
[34m[Sep 29th 23:29][0m [33mLykkev#0707 ran help in El servidor de Lykkev: Join,Message [0m
[34m[Sep 29th 23:32][0m [33mLykkev#0707 ran ban in El servidor de Lykkev: 756360839866613771,sd [0m
[34m[Sep 29th 23:32][0m [33mLykkev#0707 ran bite in El servidor de Lykkev: xr0 [0m
[34m[Sep 29th 23:33][0m [33mLykkev#0707 ran kiss in El servidor de Lykkev: xr0 [0m
[34m[Sep 29th 23:35][0m [33mLykkev#0707 ran marry in El servidor de Lykkev: <@760706188915769354> [0m
[34m[Sep 29th 23:35][0m [33mLykkev#0707 ran say in El servidor de Lykkev: no [0m
[34m[Sep 29th 23:36][0m [33mLykkev#0707 ran dicksize in El servidor de Lykkev [0m
[34m[Sep 29th 23:37][0m [33mLykkev#0707 ran dicksize in El servidor de Lykkev [0m
[34m[Sep 29th 23:38][0m [33mLykkev#0707 ran setup in El servidor de Lykkev [0m
[34m[Sep 29th 23:58][0m [33mLykkev#0707 ran 8ball in El servidor de Lykkev [0m
[34m[Sep 29th 23:58][0m [33mLykkev#0707 ran 8ball in El servidor de Lykkev: sd [0m
[34m[Sep 30th 00:03][0m [36m147 commands loaded [0m
[34m[Sep 30th 00:03][0m [36m7 events loaded [0m
[34m[Sep 30th 00:03][0m [36m12 loggers loaded [0m
[34m[Sep 30th 00:03][0m [36mLogged in as Gvng#9846 on 1 servers [0m
[34m[Sep 30th 00:03][0m [36mStartup took 1.32 seconds [0m
[34m[Sep 30th 00:04][0m [33mLykkev#0707 ran color in El servidor de Lykkev [0m
[34m[Sep 30th 00:04][0m [33mLykkev#0707 ran color in El servidor de Lykkev [0m
[34m[Sep 30th 00:42][0m [36m147 commands loaded [0m
[34m[Sep 30th 00:42][0m [36m7 events loaded [0m
[34m[Sep 30th 00:42][0m [36m12 loggers loaded [0m
[34m[Sep 30th 00:42][0m [36mLogged in as Gvng#9846 on 1 servers [0m
[34m[Sep 30th 00:42][0m [36mStartup took 0.850 seconds [0m
[34m[Sep 30th 00:42][0m [33mLykkev#0707 ran cat in El servidor de Lykkev [0m
[34m[Sep 30th 00:43][0m [33mLykkev#0707 ran catgirl in El servidor de Lykkev [0m
[34m[Sep 30th 00:43][0m [33mLykkev#0707 ran catgirl in El servidor de Lykkev [0m
[34m[Sep 30th 00:43][0m [33mLykkev#0707 ran help in El servidor de Lykkev: catgirl [0m
[34m[Sep 30th 00:46][0m [36m147 commands loaded [0m
[34m[Sep 30th 00:46][0m [36m7 events loaded [0m
[34m[Sep 30th 00:46][0m [36m12 loggers loaded [0m
[34m[Sep 30th 00:46][0m [36mLogged in as Gvng#9846 on 1 servers [0m
[34m[Sep 30th 00:46][0m [36mStartup took 1.11 seconds [0m
[34m[Sep 30th 00:46][0m [33mLykkev#0707 ran help in El servidor de Lykkev [0m
[34m[Sep 30th 00:51][0m [33mLykkev#0707 ran reload in El servidor de Lykkev: help [0m
[34m[Sep 30th 00:52][0m [33mLykkev#0707 ran reload in El servidor de Lykkev: help,ban [0m
[34m[Sep 30th 00:52][0m [33mLykkev#0707 ran coin in El servidor de Lykkev [0m
[34m[Sep 30th 00:57][0m [33mLykkev#0707 ran cookies in El servidor de Lykkev [0m
[34m[Sep 30th 00:57][0m [33mLykkev#0707 ran cookies in El servidor de Lykkev [0m
[34m[Sep 30th 00:59][0m [36m147 commands loaded [0m
[34m[Sep 30th 00:59][0m [36m7 events loaded [0m
[34m[Sep 30th 00:59][0m [36m12 loggers loaded [0m
[34m[Sep 30th 00:59][0m [36mLogged in as Gvng#9846 on 1 servers [0m
[34m[Sep 30th 00:59][0m [36mStartup took 0.944 seconds [0m
[34m[Sep 30th 00:59][0m [33mLykkev#0707 ran help in El servidor de Lykkev [0m
[34m[Sep 30th 00:59][0m [33mLykkev#0707 ran setup in El servidor de Lykkev [0m
[34m[Sep 30th 01:01][0m [33mLykkev#0707 ran cool in El servidor de Lykkev [0m
[34m[Sep 30th 01:01][0m [33mLykkev#0707 ran cowsay in El servidor de Lykkev: sd [0m
[34m[Sep 30th 01:01][0m [33mLykkev#0707 ran cowsay in El servidor de Lykkev [0m
[34m[Sep 30th 01:02][0m [33mLykkev#0707 ran cowsay in El servidor de Lykkev: moose [0m
[34m[Sep 30th 01:02][0m [33mLykkev#0707 ran cowsay in El servidor de Lykkev: sds,cow=moose [0m
[34m[Sep 30th 01:05][0m [33mLykkev#0707 ran blacklist in El servidor de Lykkev: 756360839866613771 [0m
[34m[Sep 30th 01:05][0m [33mLykkev#0707 ran whitelist in El servidor de Lykkev: 756360839866613771 [0m
[34m[Sep 30th 01:16][0m [33mLykkev#0707 ran engineeredcatgirls in El servidor de Lykkev [0m
[34m[Sep 30th 01:17][0m [36m146 commands loaded [0m
[34m[Sep 30th 01:17][0m [36m7 events loaded [0m
[34m[Sep 30th 01:17][0m [36m12 loggers loaded [0m
[34m[Sep 30th 01:17][0m [36mLogged in as Gvng#9846 on 1 servers [0m
[34m[Sep 30th 01:17][0m [36mStartup took 0.968 seconds [0m
[34m[Sep 30th 01:17][0m [33mLykkev#0707 ran cowsay in El servidor de Lykkev [0m
[34m[Sep 30th 01:17][0m [33mLykkev#0707 ran cowsay in El servidor de Lykkev: sd [0m
[34m[Sep 30th 01:17][0m [33mLykkev#0707 ran cowsay in El servidor de Lykkev: sdsdasd,cow=bunny [0m
[34m[Sep 30th 01:23][0m [33mLykkev#0707 ran garfield in El servidor de Lykkev [0m
[34m[Sep 30th 01:25][0m [33mLykkev#0707 ran gay in El servidor de Lykkev [0m
[34m[Sep 30th 01:25][0m [33mLykkev#0707 ran gay in El servidor de Lykkev: <@!756360839866613771> [0m
[34m[Sep 30th 01:30][0m [33mLykkev#0707 ran httpcat in El servidor de Lykkev [0m
[34m[Sep 30th 01:30][0m [33mLykkev#0707 ran httpcat in El servidor de Lykkev [0m
[34m[Sep 30th 01:30][0m [33mLykkev#0707 ran httpcat in El servidor de Lykkev [0m
[34m[Sep 30th 01:35][0m [33mLykkev#0707 ran megumin in El servidor de Lykkev [0m
[34m[Sep 30th 01:37][0m [33mLykkev#0707 ran owoify in El servidor de Lykkev: sds [0m
[34m[Sep 30th 01:37][0m [33mLykkev#0707 ran owoify in El servidor de Lykkev: dsdas [0m
[34m[Sep 30th 01:37][0m [33mLykkev#0707 ran owoify in El servidor de Lykkev: xxdd [0m
[34m[Sep 30th 01:43][0m [33mLykkev#0707 ran topcookies in El servidor de Lykkev [0m
[34m[Sep 30th 01:43][0m [33mLykkev#0707 ran daily in El servidor de Lykkev [0m
[34m[Sep 30th 01:44][0m [33mLykkev#0707 ran topcookies in El servidor de Lykkev [0m
[34m[Sep 30th 01:44][0m [33mLykkev#0707 ran daily in El servidor de Lykkev [0m
[34m[Sep 30th 01:46][0m [36m146 commands loaded [0m
[34m[Sep 30th 01:46][0m [36m7 events loaded [0m
[34m[Sep 30th 01:46][0m [36m12 loggers loaded [0m
[34m[Sep 30th 01:46][0m [36mLogged in as Gvng#9846 on 1 servers [0m
[34m[Sep 30th 01:46][0m [36mStartup took 0.900 seconds [0m
[34m[Sep 30th 01:46][0m [33mLykkev#0707 ran 8ball in El servidor de Lykkev [0m
[34m[Sep 30th 01:46][0m [33mLykkev#0707 ran awoo in El servidor de Lykkev [0m
[34m[Sep 30th 01:46][0m [33mLykkev#0707 ran cat in El servidor de Lykkev [0m
[34m[Sep 30th 01:46][0m [33mLykkev#0707 ran catgirl in El servidor de Lykkev [0m
[34m[Sep 30th 01:46][0m [33mLykkev#0707 ran coin in El servidor de Lykkev [0m
[34m[Sep 30th 01:47][0m [33mLykkev#0707 ran cookies in El servidor de Lykkev [0m
[34m[Sep 30th 01:47][0m [33mLykkev#0707 ran cool in El servidor de Lykkev [0m
[34m[Sep 30th 01:47][0m [33mLykkev#0707 ran cowsay in El servidor de Lykkev: sd [0m
[34m[Sep 30th 01:47][0m [33mLykkev#0707 ran daily in El servidor de Lykkev [0m
[34m[Sep 30th 01:47][0m [33mLykkev#0707 ran dicksize in El servidor de Lykkev [0m
[34m[Sep 30th 01:47][0m [33mLykkev#0707 ran dog in El servidor de Lykkev [0m
[34m[Sep 30th 01:47][0m [33mLykkev#0707 ran dicksize in El servidor de Lykkev [0m
[34m[Sep 30th 01:47][0m [33mLykkev#0707 ran duck in El servidor de Lykkev [0m
[34m[Sep 30th 01:48][0m [33mLykkev#0707 ran fact in El servidor de Lykkev [0m
[34m[Sep 30th 01:48][0m [33mLykkev#0707 ran fact in El servidor de Lykkev [0m
[34m[Sep 30th 01:48][0m [33mLykkev#0707 ran fox in El servidor de Lykkev [0m
[34m[Sep 30th 01:48][0m [33mLykkev#0707 ran foxgirl in El servidor de Lykkev [0m
[34m[Sep 30th 01:48][0m [33mLykkev#0707 ran garfield in El servidor de Lykkev [0m
[34m[Sep 30th 01:48][0m [33mLykkev#0707 ran gay in El servidor de Lykkev [0m
[34m[Sep 30th 01:49][0m [33mLykkev#0707 ran goose in El servidor de Lykkev [0m
[34m[Sep 30th 01:49][0m [33mLykkev#0707 ran httpcat in El servidor de Lykkev [0m
[34m[Sep 30th 01:49][0m [33mLykkev#0707 ran httpdog in El servidor de Lykkev [0m
[34m[Sep 30th 01:49][0m [33mLykkev#0707 ran lizard in El servidor de Lykkev [0m
[34m[Sep 30th 01:50][0m [33mLykkev#0707 ran rem in El servidor de Lykkev [0m
[34m[Sep 30th 01:51][0m [33mLykkev#0707 ran roll in El servidor de Lykkev [0m
[34m[Sep 30th 01:51][0m [33mLykkev#0707 ran xkcd in El servidor de Lykkev [0m
[34m[Sep 30th 01:52][0m [33mLykkev#0707 ran about in El servidor de Lykkev [0m
[34m[Sep 30th 01:58][0m [36m146 commands loaded [0m
[34m[Sep 30th 01:58][0m [36m7 events loaded [0m
[34m[Sep 30th 01:58][0m [36m12 loggers loaded [0m
[34m[Sep 30th 01:58][0m [36mLogged in as Gvng#9846 on 1 servers [0m
[34m[Sep 30th 01:58][0m [36mStartup took 0.964 seconds [0m
[34m[Sep 30th 01:58][0m [33mLykkev#0707 ran about in El servidor de Lykkev [0m
[34m[Sep 30th 02:01][0m [36m146 commands loaded [0m
[34m[Sep 30th 02:01][0m [36m7 events loaded [0m
[34m[Sep 30th 02:01][0m [36m12 loggers loaded [0m
[34m[Sep 30th 02:01][0m [36mLogged in as Gvng#9846 on 1 servers [0m
[34m[Sep 30th 02:01][0m [36mStartup took 0.874 seconds [0m
[34m[Sep 30th 02:01][0m [33mLykkev#0707 ran about in El servidor de Lykkev [0m
[34m[Sep 30th 02:03][0m [36m146 commands loaded [0m
[34m[Sep 30th 02:03][0m [36m7 events loaded [0m
[34m[Sep 30th 02:03][0m [36m12 loggers loaded [0m
[34m[Sep 30th 02:03][0m [36mLogged in as Gvng#9846 on 1 servers [0m
[34m[Sep 30th 02:03][0m [36mStartup took 0.980 seconds [0m
[34m[Sep 30th 02:03][0m [33mLykkev#0707 ran about in El servidor de Lykkev [0m
[34m[Sep 30th 02:10][0m [36m146 commands loaded [0m
[34m[Sep 30th 02:10][0m [36m7 events loaded [0m
[34m[Sep 30th 02:10][0m [36m12 loggers loaded [0m
[34m[Sep 30th 02:10][0m [36mLogged in as Gvng#9846 on 1 servers [0m
[34m[Sep 30th 02:10][0m [36mStartup took 0.995 seconds [0m
[34m[Sep 30th 02:10][0m [33mLykkev#0707 ran help in El servidor de Lykkev [0m
[34m[Sep 30th 02:11][0m [33mLykkev#0707 ran help in El servidor de Lykkev: b [0m
[34m[Sep 30th 02:12][0m [33mLykkev#0707 ran icon in El servidor de Lykkev [0m
[34m[Sep 30th 02:13][0m [36m146 commands loaded [0m
[34m[Sep 30th 02:13][0m [36m7 events loaded [0m
[34m[Sep 30th 02:13][0m [36m12 loggers loaded [0m
[34m[Sep 30th 02:13][0m [36mLogged in as Gvng#9846 on 1 servers [0m
[34m[Sep 30th 02:13][0m [36mStartup took 1.6 seconds [0m
[34m[Sep 30th 02:13][0m [33mLykkev#0707 ran invite in El servidor de Lykkev [0m
[34m[Sep 30th 10:55][0m [36m146 commands loaded [0m
[34m[Sep 30th 10:55][0m [36m7 events loaded [0m
[34m[Sep 30th 10:55][0m [36m12 loggers loaded [0m
[34m[Sep 30th 10:55][0m [36mLogged in as Gvng#9846 on 1 servers [0m
[34m[Sep 30th 10:55][0m [36mStartup took 1.200 seconds [0m
[34m[Sep 30th 10:56][0m [33mLykkev#0707 ran server in El servidor de Lykkev [0m
[34m[Sep 30th 10:56][0m [33mLykkev#0707 ran server in El servidor de Lykkev [0m
[34m[Sep 30th 11:04][0m [36m146 commands loaded [0m
[34m[Sep 30th 11:04][0m [36m7 events loaded [0m
[34m[Sep 30th 11:04][0m [36m12 loggers loaded [0m
[34m[Sep 30th 11:04][0m [36mLogged in as Gvng#9846 on 1 servers [0m
[34m[Sep 30th 11:04][0m [36mStartup took 0.923 seconds [0m
[34m[Sep 30th 11:04][0m [33mLykkev#0707 ran server in El servidor de Lykkev [0m
[34m[Sep 30th 11:05][0m [36m146 commands loaded [0m
[34m[Sep 30th 11:05][0m [36m7 events loaded [0m
[34m[Sep 30th 11:05][0m [36m12 loggers loaded [0m
[34m[Sep 30th 11:05][0m [36mLogged in as Gvng#9846 on 1 servers [0m
[34m[Sep 30th 11:05][0m [36mStartup took 0.980 seconds [0m
[34m[Sep 30th 11:05][0m [33mLykkev#0707 ran server in El servidor de Lykkev [0m
[34m[Sep 30th 11:05][0m [33mLykkev#0707 ran setup in El servidor de Lykkev [0m
[34m[Sep 30th 11:06][0m [36m146 commands loaded [0m
[34m[Sep 30th 11:06][0m [36m7 events loaded [0m
[34m[Sep 30th 11:06][0m [36m12 loggers loaded [0m
[34m[Sep 30th 11:06][0m [36mLogged in as Gvng#9846 on 1 servers [0m
[34m[Sep 30th 11:06][0m [36mStartup took 0.940 seconds [0m
[34m[Sep 30th 11:06][0m [33mLykkev#0707 ran setup in El servidor de Lykkev [0m
[34m[Sep 30th 11:16][0m [36m146 commands loaded [0m
[34m[Sep 30th 11:16][0m [36m7 events loaded [0m
[34m[Sep 30th 11:16][0m [36m12 loggers loaded [0m
[34m[Sep 30th 11:16][0m [36mLogged in as Gvng#9846 on 1 servers [0m
[34m[Sep 30th 11:16][0m [36mStartup took 2.924 seconds [0m
[34m[Sep 30th 11:16][0m [33mLykkev#0707 ran setup in El servidor de Lykkev [0m
[34m[Sep 30th 11:16][0m [33mLykkev#0707 ran snipe in El servidor de Lykkev [0m
[34m[Sep 30th 11:16][0m [33mLykkev#0707 ran setup in El servidor de Lykkev [0m
[34m[Sep 30th 11:25][0m [36m146 commands loaded [0m
[34m[Sep 30th 11:25][0m [36m7 events loaded [0m
[34m[Sep 30th 11:25][0m [36m12 loggers loaded [0m
[34m[Sep 30th 11:25][0m [36mLogged in as Gvng#9846 on 1 servers [0m
[34m[Sep 30th 11:25][0m [36mStartup took 0.890 seconds [0m
[34m[Sep 30th 11:25][0m [33mLykkev#0707 ran user in El servidor de Lykkev: <@!756360839866613771> [0m
[34m[Sep 30th 11:25][0m [33mLykkev#0707 ran user in El servidor de Lykkev [0m
[34m[Sep 30th 11:31][0m [36m146 commands loaded [0m
[34m[Sep 30th 11:31][0m [36m7 events loaded [0m
[34m[Sep 30th 11:31][0m [36m12 loggers loaded [0m
[34m[Sep 30th 11:31][0m [36mLogged in as Gvng#9846 on 1 servers [0m
[34m[Sep 30th 11:31][0m [36mStartup took 0.981 seconds [0m
[34m[Sep 30th 11:31][0m [33mLykkev#0707 ran assign in El servidor de Lykkev [0m
[34m[Sep 30th 11:32][0m [33mLykkev#0707 ran autofill in El servidor de Lykkev: discord [0m
[34m[Sep 30th 11:33][0m [33mLykkev#0707 ran bio in El servidor de Lykkev: Siempre,te,amare,mi,amor [0m
[34m[Sep 30th 11:33][0m [33mLykkev#0707 ran user in El servidor de Lykkev [0m
[34m[Sep 30th 11:35][0m [33mLykkev#0707 ran bio in El servidor de Lykkev: clear [0m
[34m[Sep 30th 11:35][0m [33mLykkev#0707 ran help in El servidor de Lykkev: bio [0m
[34m[Sep 30th 11:36][0m [36m146 commands loaded [0m
[34m[Sep 30th 11:36][0m [36m7 events loaded [0m
[34m[Sep 30th 11:36][0m [36m12 loggers loaded [0m
[34m[Sep 30th 11:36][0m [36mLogged in as Gvng#9846 on 1 servers [0m
[34m[Sep 30th 11:36][0m [36mStartup took 0.952 seconds [0m
[34m[Sep 30th 11:36][0m [33mLykkev#0707 ran bio in El servidor de Lykkev [0m
[34m[Sep 30th 11:37][0m [33mLykkev#0707 ran bio in El servidor de Lykkev: Propiedad,de,Sunflower♡#0707 [0m
[34m[Sep 30th 11:37][0m [33mLykkev#0707 ran user in El servidor de Lykkev [0m
[34m[Sep 30th 11:43][0m [33mLykkev#0707 ran daily in El servidor de Lykkev [0m
[34m[Sep 30th 11:55][0m [33mLykkev#0707 ran help in El servidor de Lykkev: reminder [0m
[34m[Sep 30th 11:55][0m [33mLykkev#0707 ran remind in El servidor de Lykkev: 5s,peli [0m
[34m[Sep 30th 12:00][0m [33mLykkev#0707 ran help in El servidor de Lykkev: spacephoto [0m
[34m[Sep 30th 12:00][0m [33mLykkev#0707 ran spacephoto in El servidor de Lykkev: 23 [0m
[34m[Sep 30th 12:00][0m [33mLykkev#0707 ran spacephoto in El servidor de Lykkev: luna [0m
[34m[Sep 30th 12:02][0m [33mLykkev#0707 ran urban in El servidor de Lykkev: test [0m
[34m[Sep 30th 12:11][0m [33mLykkev#0707 ran setup in El servidor de Lykkev [0m
[34m[Sep 30th 12:13][0m [36m141 commands loaded [0m
[34m[Sep 30th 12:13][0m [36m7 events loaded [0m
[34m[Sep 30th 12:13][0m [36m12 loggers loaded [0m
[34m[Sep 30th 12:13][0m [36mLogged in as Gvng#9846 on 1 servers [0m
[34m[Sep 30th 12:13][0m [36mStartup took 1.45 seconds [0m
[34m[Sep 30th 12:13][0m [33mLykkev#0707 ran setup in El servidor de Lykkev [0m
[34m[Sep 30th 12:13][0m [36m141 commands loaded [0m
[34m[Sep 30th 12:13][0m [36m7 events loaded [0m
[34m[Sep 30th 12:13][0m [36m12 loggers loaded [0m
[34m[Sep 30th 12:13][0m [36mLogged in as Gvng#9846 on 1 servers [0m
[34m[Sep 30th 12:13][0m [36mStartup took 0.911 seconds [0m
[34m[Sep 30th 12:13][0m [33mLykkev#0707 ran setup in El servidor de Lykkev [0m
[34m[Sep 30th 12:53][0m [33mLykkev#0707 ran ass in El servidor de Lykkev [0m
[34m[Sep 30th 12:57][0m [33mLykkev#0707 ran eval in El servidor de Lykkev [0m
undefined
[34m[Sep 30th 12:57][0m [33mLykkev#0707 ran eval in El servidor de Lykkev: bot [0m
[34m[Sep 30th 12:57][0m [33mLykkev#0707 ran eval in El servidor de Lykkev: discord.js [0m
[34m[Sep 30th 12:58][0m [33mLykkev#0707 ran exec in El servidor de Lykkev [0m
[34m[Sep 30th 12:58][0m [33mLykkev#0707 ran exec in El servidor de Lykkev: ban [0m
[34m[Sep 30th 13:02][0m [33mLykkev#0707 ran help in El servidor de Lykkev: currency [0m
[34m[Sep 30th 13:02][0m [33mLykkev#0707 ran currency in El servidor de Lykkev: 2,<@!662157806975188992>,<@!756360839866613771> [0m
[34m[Sep 30th 13:09][0m [33mLykkev#0707 ran sleepy in El servidor de Lykkev [0m
[34m[Sep 30th 13:10][0m [33mLykkev#0707 ran smug in El servidor de Lykkev: <@!756360839866613771> [0m
[34m[Sep 30th 13:11][0m [33mLykkev#0707 ran ping in El servidor de Lykkev [0m
[34m[Sep 30th 13:19][0m [33mLykkev#0707 ran currency in El servidor de Lykkev: 2,dolars,euros [0m
[34m[Sep 30th 13:20][0m [33mLykkev#0707 ran currency in El servidor de Lykkev: 2,soles,euros [0m
[34m[Sep 30th 13:21][0m [33mLykkev#0707 ran emoji in El servidor de Lykkev: smile [0m
[34m[Sep 30th 13:21][0m [33mLykkev#0707 ran emoji in El servidor de Lykkev: 😄 [0m
[34m[Sep 30th 13:21][0m [33mLykkev#0707 ran emoji in El servidor de Lykkev: <:MWteamouu:649004344766758942> [0m
[34m[Sep 30th 13:22][0m [33mLykkev#0707 ran inspect in El servidor de Lykkev: mVKtA6q [0m
[34m[Sep 30th 13:25][0m [36m116 commands loaded [0m
[34m[Sep 30th 13:25][0m [36m7 events loaded [0m
[34m[Sep 30th 13:25][0m [36m12 loggers loaded [0m
[34m[Sep 30th 13:25][0m [36mLogged in as Gvng#9846 on 1 servers [0m
[34m[Sep 30th 13:25][0m [36mStartup took 2.261 seconds [0m
[34m[Sep 30th 13:43][0m [36m110 commands loaded [0m
[34m[Sep 30th 13:43][0m [36m7 events loaded [0m
[34m[Sep 30th 13:43][0m [36m12 loggers loaded [0m
[34m[Sep 30th 13:43][0m [36mLogged in as Gvng#9846 on 1 servers [0m
[34m[Sep 30th 13:43][0m [36mStartup took 0.958 seconds [0m
[34m[Sep 30th 13:43][0m [33mLykkev#0707 ran help in El servidor de Lykkev [0m
[34m[Sep 30th 13:44][0m [33mLykkev#0707 ran ban in El servidor de Lykkev: <@!756360839866613771> [0m
[34m[Sep 30th 14:18][0m [36m110 comandos cargados [0m
[34m[Sep 30th 14:18][0m [36m7 eventos cargados [0m
[34m[Sep 30th 14:18][0m [36m12 loggers cargados [0m
[34m[Sep 30th 14:18][0m [36mLogged in as Gvng#9846 on 1 servers [0m
[34m[Sep 30th 14:18][0m [36mStartup took 0.898 seconds [0m
[34m[Sep 30th 14:19][0m [33mLykkev#0707 uso about en El servidor de Lykkev [0m
[34m[Sep 30th 14:21][0m [33mLykkev#0707 uso invite en El servidor de Lykkev [0m
[34m[Sep 30th 14:23][0m [36m110 comandos cargados [0m
[34m[Sep 30th 14:23][0m [36m7 eventos cargados [0m
[34m[Sep 30th 14:23][0m [36m12 loggers cargados [0m
[34m[Sep 30th 14:23][0m [36mLogged in as Gvng#9846 on 1 servers [0m
[34m[Sep 30th 14:23][0m [36mStartup took 0.921 seconds [0m
[34m[Sep 30th 14:23][0m [33mLykkev#0707 uso invite en El servidor de Lykkev [0m
[34m[Sep 30th 14:23][0m [36m110 comandos cargados [0m
[34m[Sep 30th 14:23][0m [36m7 eventos cargados [0m
[34m[Sep 30th 14:23][0m [36m12 loggers cargados [0m
[34m[Sep 30th 14:23][0m [36mLogged in as Gvng#9846 on 1 servers [0m
[34m[Sep 30th 14:23][0m [36mStartup took 0.912 seconds [0m
[34m[Sep 30th 14:23][0m [33mLykkev#0707 uso invite en El servidor de Lykkev [0m
[34m[Sep 30th 14:24][0m [36mEliminado del servidor: El servidor de Lykkev [0m
[34m[Sep 30th 14:24][0m [36mAgregado al servidor: Savash ♡ Marki [0m
[34m[Sep 30th 14:24][0m [33mSunflower♡#0707 uso help en Savash ♡ Marki [0m
[34m[Sep 30th 14:25][0m [36mEliminado del servidor: Savash ♡ Marki [0m
[34m[Sep 30th 14:27][0m [36mAgregado al servidor: El servidor de Lykkev [0m
[34m[Sep 30th 14:28][0m [33mLykkev#0707 uso help en El servidor de Lykkev [0m
[34m[Sep 30th 14:28][0m [33mLykkev#0707 uso setup en El servidor de Lykkev [0m
[34m[Sep 30th 14:41][0m [36m111 comandos cargados [0m
[34m[Sep 30th 14:41][0m [36m7 eventos cargados [0m
[34m[Sep 30th 14:41][0m [36m12 loggers cargados [0m
[34m[Sep 30th 14:41][0m [36mLogged in as Gvng#9846 on 1 servers [0m
[34m[Sep 30th 14:41][0m [36mStartup took 1.64 seconds [0m
[34m[Sep 30th 14:46][0m [36m112 comandos cargados [0m
[34m[Sep 30th 14:46][0m [36m7 eventos cargados [0m
[34m[Sep 30th 14:46][0m [36m12 loggers cargados [0m
[34m[Sep 30th 14:46][0m [36mLogged in as Gvng#9846 on 1 servers [0m
[34m[Sep 30th 14:46][0m [36mStartup took 0.999 seconds [0m
[34m[Sep 30th 14:46][0m [33mLykkev#0707 uso ipinfo en El servidor de Lykkev: 216.180.143.53 [0m
[34m[Sep 30th 14:47][0m [33mLykkev#0707 uso ipinfo en El servidor de Lykkev: 216.180.143.53 [0m
[34m[Sep 30th 14:48][0m [33mLykkev#0707 uso ipinfo en El servidor de Lykkev: https://www.youtube.com [0m
[34m[Sep 30th 14:49][0m [33mLykkev#0707 uso clima en El servidor de Lykkev: chiclayo [0m
[34m[Sep 30th 14:49][0m [33mLykkev#0707 uso clima en El servidor de Lykkev: buenos,aires [0m
[34m[Sep 30th 14:56][0m [36m112 comandos cargados [0m
[34m[Sep 30th 14:56][0m [36m7 eventos cargados [0m
[34m[Sep 30th 14:56][0m [36m12 loggers cargados [0m
[34m[Sep 30th 14:56][0m [36mLogged in as Gvng#9846 on 1 servers [0m
[34m[Sep 30th 14:56][0m [36mStartup took 1.10 seconds [0m
[34m[Sep 30th 14:56][0m [33mLykkev#0707 uso ipinfo en El servidor de Lykkev: 216.180.143.53 [0m
[34m[Sep 30th 14:57][0m [33mLykkev#0707 uso setup en El servidor de Lykkev [0m
[34m[Sep 30th 15:00][0m [33mLykkev#0707 uso invite en El servidor de Lykkev [0m
[34m[Sep 30th 15:00][0m [36mAgregado al servidor: Savash ♡ Marki [0m
[34m[Sep 30th 15:01][0m [33mLykkev#0707 uso blacklist en Savash ♡ Marki: 614258110768480267 [0m
[34m[Sep 30th 15:02][0m [36mAgregado al servidor: Mᥱoᥕ ᥕorᥣd♡ [0m
[34m[Sep 30th 15:02][0m [33mLykkev#0707 uso ban en Mᥱoᥕ ᥕorᥣd♡: <@!548702615165337610>,🙂 [0m
[34m[Sep 30th 15:02][0m [33mLykkev#0707 uso snipe en Mᥱoᥕ ᥕorᥣd♡ [0m
[34m[Sep 30th 15:03][0m [33mLykkev#0707 uso ban en Mᥱoᥕ ᥕorᥣd♡: <@!548702615165337610>,sd [0m
[34m[Sep 30th 15:04][0m [33mLykkev#0707 uso setup en Mᥱoᥕ ᥕorᥣd♡ [0m
[34m[Sep 30th 15:06][0m [33mLykkev#0707 uso setup en Mᥱoᥕ ᥕorᥣd♡ [0m
[34m[Sep 30th 15:12][0m [33mLykkev#0707 uso whitelist en Savash ♡ Marki: <@!614258110768480267> [0m
[34m[Sep 30th 15:13][0m [33mLykkev#0707 uso whitelist en Savash ♡ Marki: 614258110768480267 [0m
[34m[Sep 30th 15:13][0m [33mLykkev#0707 uso marry en Savash ♡ Marki: <@!614258110768480267> [0m
[34m[Sep 30th 15:14][0m [33mLykkev#0707 uso kiss en Savash ♡ Marki: 614258110768480267 [0m
[34m[Sep 30th 15:15][0m [33mLykkev#0707 uso daily en Savash ♡ Marki [0m
[34m[Sep 30th 15:15][0m [33mSunflower♡#0707 uso daily en Savash ♡ Marki [0m
[34m[Sep 30th 15:15][0m [33mSunflower♡#0707 uso help en Savash ♡ Marki [0m
[34m[Sep 30th 15:15][0m [33mSunflower♡#0707 uso coin en Savash ♡ Marki [0m
[34m[Sep 30th 15:15][0m [33mSunflower♡#0707 uso coin en Savash ♡ Marki [0m
[34m[Sep 30th 15:15][0m [33mSunflower♡#0707 uso coin en Savash ♡ Marki [0m
[34m[Sep 30th 15:15][0m [33mSunflower♡#0707 uso coin en Savash ♡ Marki [0m
[34m[Sep 30th 15:16][0m [33mSunflower♡#0707 uso coin en Savash ♡ Marki [0m
[34m[Sep 30th 15:16][0m [36m112 comandos cargados [0m
[34m[Sep 30th 15:16][0m [36m7 eventos cargados [0m
[34m[Sep 30th 15:16][0m [36m12 loggers cargados [0m
[34m[Sep 30th 15:16][0m [36mLogged in as Gvng#9846 on 3 servers [0m
[34m[Sep 30th 15:16][0m [36mStartup took 1.76 seconds [0m
[34m[Sep 30th 15:16][0m [33mLykkev#0707 uso top en Savash ♡ Marki [0m
[34m[Sep 30th 15:16][0m [33mLykkev#0707 uso purge en Savash ♡ Marki: 7 [0m
[34m[Sep 30th 15:17][0m [33mSunflower♡#0707 uso marry en Savash ♡ Marki: <@!662157806975188992> [0m
[34m[Sep 30th 15:17][0m [33mLykkev#0707 uso user en Savash ♡ Marki [0m
[34m[Sep 30th 15:18][0m [33mLykkev#0707 uso marry en Savash ♡ Marki: <@!756360839866613771> [0m
[34m[Sep 30th 15:19][0m [36m112 comandos cargados [0m
[34m[Sep 30th 15:19][0m [36m7 eventos cargados [0m
[34m[Sep 30th 15:19][0m [36m12 loggers cargados [0m
[34m[Sep 30th 15:19][0m [36mLogged in as Gvng#9846 on 3 servers [0m
[34m[Sep 30th 15:19][0m [36mStartup took 0.954 seconds [0m
[34m[Sep 30th 15:20][0m [33mLykkev#0707 uso inspect en Savash ♡ Marki: https://discord.gg/scPYzH [0m
[34m[Sep 30th 15:21][0m [33mLykkev#0707 uso inspect en Savash ♡ Marki: nekotina [0m
[34m[Sep 30th 15:22][0m [33mSunflower♡#0707 uso help en Savash ♡ Marki: inspect [0m
[34m[Sep 30th 15:22][0m [33mSunflower♡#0707 uso inspect en Savash ♡ Marki: uwu [0m
[34m[Sep 30th 15:22][0m [33mSunflower♡#0707 uso inspect en Savash ♡ Marki: owo [0m
[34m[Sep 30th 15:23][0m [36m111 comandos cargados [0m
[34m[Sep 30th 15:23][0m [36m7 eventos cargados [0m
[34m[Sep 30th 15:23][0m [36m12 loggers cargados [0m
[34m[Sep 30th 15:23][0m [36mLogged in as Gvng#9846 on 3 servers [0m
[34m[Sep 30th 15:23][0m [36mStartup took 1.70 seconds [0m
[34m[Sep 30th 15:23][0m [36m111 comandos cargados [0m
[34m[Sep 30th 15:23][0m [36m7 eventos cargados [0m
[34m[Sep 30th 15:23][0m [36m12 loggers cargados [0m
[34m[Sep 30th 15:23][0m [36mLogged in as Gvng#9846 on 3 servers [0m
[34m[Sep 30th 15:23][0m [36mStartup took 0.907 seconds [0m
[34m[Sep 30th 15:23][0m [33mLykkev#0707 uso help en El servidor de Lykkev: inspect [0m
[34m[Sep 30th 15:23][0m [36mAgregado al servidor: Amigos Wawawa [0m
[34m[Sep 30th 15:34][0m [33mLykkev#0707 uso ban en Mᥱoᥕ ᥕorᥣd♡: <@!480793647445442570> [0m
[34m[Sep 30th 15:36][0m [33mLykkev#0707 uso setup en Mᥱoᥕ ᥕorᥣd♡ [0m
[34m[Sep 30th 16:05][0m [33mLykkev#0707 uso mute en Mᥱoᥕ ᥕorᥣd♡: <@622834366527045663>,ayayai [0m
[34m[Sep 30th 16:05][0m [33mLykkev#0707 uso unmute en Mᥱoᥕ ᥕorᥣd♡: 622834366527045663 [0m
[34m[Sep 30th 16:05][0m [33mSunflower♡#0707 uso mute en Mᥱoᥕ ᥕorᥣd♡: <@!710546898926174251> [0m
[34m[Sep 30th 16:06][0m [33mSunflower♡#0707 uso mute en Mᥱoᥕ ᥕorᥣd♡: <@!710546898926174251> [0m
[34m[Sep 30th 16:06][0m [33mSunflower♡#0707 uso mute en Mᥱoᥕ ᥕorᥣd♡: <@!710546898926174251> [0m
[34m[Sep 30th 16:06][0m [33mLykkev#0707 uso mute en Mᥱoᥕ ᥕorᥣd♡: <@710546898926174251>,sd [0m
[34m[Sep 30th 16:07][0m [33mSunflower♡#0707 uso help en Mᥱoᥕ ᥕorᥣd♡ [0m
[34m[Sep 30th 16:07][0m [33mLykkev#0707 uso ping en Mᥱoᥕ ᥕorᥣd♡ [0m
[34m[Sep 30th 16:08][0m [33mLykkev#0707 uso mute en Mᥱoᥕ ᥕorᥣd♡: <@710546898926174251>,test [0m
[34m[Sep 30th 16:11][0m [33mLykkev#0707 uso setup en Mᥱoᥕ ᥕorᥣd♡ [0m
[34m[Sep 30th 16:16][0m [33mSunflower♡#0707 uso help en Mᥱoᥕ ᥕorᥣd♡ [0m
[34m[Sep 30th 16:17][0m [33mLykkev#0707 uso help en El servidor de Lykkev [0m
[34m[Sep 30th 16:20][0m [33mSunflower♡#0707 uso help en Mᥱoᥕ ᥕorᥣd♡ [0m
[34m[Sep 30th 16:23][0m [33mSunflower♡#0707 uso help en Mᥱoᥕ ᥕorᥣd♡ [0m
[34m[Sep 30th 16:25][0m [33mSunflower♡#0707 uso prefix en Mᥱoᥕ ᥕorᥣd♡ [0m
[34m[Sep 30th 16:25][0m [33mSunflower♡#0707 uso prefix en Mᥱoᥕ ᥕorᥣd♡: M$ [0m
[34m[Sep 30th 16:26][0m [33mSunflower♡#0707 uso prefix en Mᥱoᥕ ᥕorᥣd♡: $ [0m
[34m[Sep 30th 16:26][0m [33mLykkev#0707 uso prefix en Mᥱoᥕ ᥕorᥣd♡ [0m
[34m[Sep 30th 16:26][0m [33mLykkev#0707 uso prefix en Mᥱoᥕ ᥕorᥣd♡: G [0m
[34m[Sep 30th 16:27][0m [33mLykkev#0707 uso prefix en Mᥱoᥕ ᥕorᥣd♡: ) [0m
[34m[Sep 30th 16:27][0m [33mLykkev#0707 uso prefix en Mᥱoᥕ ᥕorᥣd♡ [0m
[34m[Sep 30th 16:28][0m [33mSunflower♡#0707 uso prefix en Mᥱoᥕ ᥕorᥣd♡: $ [0m
[34m[Sep 30th 16:28][0m [33mSunflower♡#0707 uso user en Mᥱoᥕ ᥕorᥣd♡ [0m
[34m[Sep 30th 16:29][0m [33mLykkev#0707 uso reload en Mᥱoᥕ ᥕorᥣd♡: prefix [0m
[34m[Sep 30th 16:29][0m [33mLykkev#0707 uso prefix en Mᥱoᥕ ᥕorᥣd♡: ( [0m
[34m[Sep 30th 16:30][0m [33mSunflower♡#0707 uso prefix en Mᥱoᥕ ᥕorᥣd♡: m$ [0m
[34m[Sep 30th 16:30][0m [33mSunflower♡#0707 uso prefix en Mᥱoᥕ ᥕorᥣd♡: $ [0m
[34m[Sep 30th 16:31][0m [33mLykkev#0707 uso prefix en El servidor de Lykkev: - [0m
[34m[Sep 30th 16:31][0m [33mSunflower♡#0707 uso help en Mᥱoᥕ ᥕorᥣd♡ [0m
[34m[Sep 30th 16:31][0m [33mLykkev#0707 uso prefix en El servidor de Lykkev: $ [0m
[34m[Sep 30th 16:32][0m [33mSunflower♡#0707 uso snipe en Mᥱoᥕ ᥕorᥣd♡ [0m
[34m[Sep 30th 16:34][0m [33mLykkev#0707 uso addcommand en El servidor de Lykkev [0m
[34m[Sep 30th 16:34][0m [33mLykkev#0707 uso embed en El servidor de Lykkev [0m
[34m[Sep 30th 16:36][0m [33mLykkev#0707 uso addcommand en El servidor de Lykkev: xd [0m
[34m[Sep 30th 16:36][0m [33mLykkev#0707 uso addcommand en El servidor de Lykkev: xd,sd [0m
[34m[Sep 30th 16:36][0m [33mSunflower♡#0707 uso bio en Mᥱoᥕ ᥕorᥣd♡: ❥Te,amu,mi,amor.,♡07-07,♡ [0m
[34m[Sep 30th 16:36][0m [33mSunflower♡#0707 uso bio en Mᥱoᥕ ᥕorᥣd♡: ❥Te,amu,mi,amur.,♡07-07♡ [0m
[34m[Sep 30th 16:36][0m [33mLykkev#0707 uso removecommand en El servidor de Lykkev: xd [0m
[34m[Sep 30th 16:36][0m [33mSunflower♡#0707 uso user en Mᥱoᥕ ᥕorᥣd♡ [0m
[34m[Sep 30th 16:37][0m [33mSunflower♡#0707 uso bio en Mᥱoᥕ ᥕorᥣd♡: ❥Te,amu,mi,amur♥. [0m
[34m[Sep 30th 16:37][0m [33mSunflower♡#0707 uso user en Mᥱoᥕ ᥕorᥣd♡ [0m
[34m[Sep 30th 16:37][0m [33mSunflower♡#0707 uso bio en Mᥱoᥕ ᥕorᥣd♡: ❥Te,amu,mi,amur♥ [0m
[34m[Sep 30th 16:38][0m [33mLykkev#0707 uso changelog en El servidor de Lykkev [0m
[34m[Sep 30th 16:49][0m [33mSunflower♡#0707 uso help en Mᥱoᥕ ᥕorᥣd♡: cowsay [0m
[34m[Sep 30th 16:50][0m [33mSunflower♡#0707 uso cowsay en Mᥱoᥕ ᥕorᥣd♡: oa [0m
[34m[Sep 30th 16:50][0m [33mSunflower♡#0707 uso cowsay en Mᥱoᥕ ᥕorᥣd♡: Sí. [0m
[34m[Sep 30th 16:50][0m [33mLykkev#0707 uso cowsay en Savash ♡ Marki [0m
[34m[Sep 30th 16:51][0m [33mLykkev#0707 uso cowsay en Mᥱoᥕ ᥕorᥣd♡: xd,tipe=bunny [0m
[34m[Sep 30th 16:52][0m [33mSunflower♡#0707 uso cowsay en Savash ♡ Marki: kiss [0m
[34m[Sep 30th 16:52][0m [33mLykkev#0707 uso cowsay en El servidor de Lykkev: sd,tipo=kiss [0m
[34m[Sep 30th 16:52][0m [33mLykkev#0707 uso cowsay en El servidor de Lykkev [0m
[34m[Sep 30th 16:52][0m [33mLykkev#0707 uso cowsay en El servidor de Lykkev: cow=kiss [0m
[34m[Sep 30th 16:52][0m [33mLykkev#0707 uso cowsay en El servidor de Lykkev: xd,cow=kiss [0m
[34m[Sep 30th 16:52][0m [33mLykkev#0707 uso cowsay en Savash ♡ Marki: xd,cow=kiss [0m
[34m[Sep 30th 16:53][0m [33mSunflower♡#0707 uso cowsay en Savash ♡ Marki [0m
[34m[Sep 30th 16:53][0m [33mSunflower♡#0707 uso cowsay en Savash ♡ Marki: mm,koala [0m
[34m[Sep 30th 16:54][0m [33mSunflower♡#0707 uso cowsay en Savash ♡ Marki: t,amu,cow=koaka [0m
[34m[Sep 30th 16:55][0m [33mSunflower♡#0707 uso cowsay en Savash ♡ Marki: t,amu,cow=Koaka [0m
[34m[Sep 30th 16:55][0m [33mSunflower♡#0707 uso cowsay en Savash ♡ Marki [0m
[34m[Sep 30th 16:55][0m [33mSunflower♡#0707 uso cowsay en Savash ♡ Marki: t,amu,cow=Koala [0m
[34m[Sep 30th 16:55][0m [33mLykkev#0707 uso cowsay en Savash ♡ Marki: t,amu,cow=koala [0m
[34m[Sep 30th 16:55][0m [33mSunflower♡#0707 uso cowsay en Savash ♡ Marki: t,amu,cow=koala [0m
[34m[Sep 30th 17:05][0m [36m111 comandos cargados [0m
[34m[Sep 30th 17:05][0m [36m7 eventos cargados [0m
[34m[Sep 30th 17:05][0m [36m12 loggers cargados [0m
[34m[Sep 30th 17:05][0m [36mLogged in as Gvng#9846 on 4 servers [0m
[34m[Sep 30th 17:05][0m [36mStartup took 1.25 seconds [0m
[34m[Sep 30th 17:06][0m [33mLykkev#0707 uso prefix en El servidor de Lykkev: ! [0m
[34m[Sep 30th 17:08][0m [36m111 comandos cargados [0m
[34m[Sep 30th 17:08][0m [36m7 eventos cargados [0m
[34m[Sep 30th 17:08][0m [36m12 loggers cargados [0m
[34m[Sep 30th 17:08][0m [36mLogged in as Gvng#9846 on 4 servers [0m
[34m[Sep 30th 17:08][0m [36mStartup took 1.57 seconds [0m
[34m[Sep 30th 17:08][0m [33mLykkev#0707 uso prefix en El servidor de Lykkev: $ [0m
[34m[Sep 30th 17:09][0m [36m111 comandos cargados [0m
[34m[Sep 30th 17:09][0m [36m7 eventos cargados [0m
[34m[Sep 30th 17:09][0m [36m12 loggers cargados [0m
[34m[Sep 30th 17:09][0m [36mLogged in as Gvng#9846 on 4 servers [0m
[34m[Sep 30th 17:09][0m [36mStartup took 0.990 seconds [0m
[34m[Sep 30th 17:09][0m [33mLykkev#0707 uso prefix en El servidor de Lykkev: ! [0m
[34m[Sep 30th 17:10][0m [36m111 comandos cargados [0m
[34m[Sep 30th 17:10][0m [36m7 eventos cargados [0m
[34m[Sep 30th 17:10][0m [36m12 loggers cargados [0m
[34m[Sep 30th 17:10][0m [36mLogged in as Gvng#9846 on 4 servers [0m
[34m[Sep 30th 17:10][0m [36mStartup took 1.25 seconds [0m
[34m[Sep 30th 17:10][0m [33mLykkev#0707 uso prefix en El servidor de Lykkev: $ [0m
[34m[Sep 30th 17:11][0m [33mLykkev#0707 uso prefix en Mᥱoᥕ ᥕorᥣd♡: / [0m
[34m[Sep 30th 17:11][0m [33mLykkev#0707 uso prefix en Mᥱoᥕ ᥕorᥣd♡: $ [0m
[34m[Sep 30th 17:12][0m [33mLykkev#0707 uso invite en Mᥱoᥕ ᥕorᥣd♡ [0m
[34m[Sep 30th 17:12][0m [36mAgregado al servidor: BlauE's Comunity [0m
[34m[Sep 30th 17:13][0m [36mAgregado al servidor: Friεηds [0m
[34m[Sep 30th 17:13][0m [36mAgregado al servidor: Friends [0m
[34m[Sep 30th 17:13][0m [36mAgregado al servidor: GordiSaurios [0m
[34m[Sep 30th 17:20][0m [36m111 comandos cargados [0m
[34m[Sep 30th 17:20][0m [36m7 eventos cargados [0m
[34m[Sep 30th 17:20][0m [36m12 loggers cargados [0m
[34m[Sep 30th 17:20][0m [36mLogged in as Gvng#9846 on 8 servers [0m
[34m[Sep 30th 17:20][0m [36mStartup took 0.961 seconds [0m
[34m[Sep 30th 17:21][0m [36m111 comandos cargados [0m
[34m[Sep 30th 17:21][0m [36m7 eventos cargados [0m
[34m[Sep 30th 17:21][0m [36m12 loggers cargados [0m
[34m[Sep 30th 17:21][0m [36mLogged in as Gvng#9846 on 8 servers [0m
[34m[Sep 30th 17:21][0m [36mStartup took 1.71 seconds [0m
[34m[Sep 30th 17:23][0m [33mSunflower♡#0707 uso prefix en Mᥱoᥕ ᥕorᥣd♡: + [0m
[34m[Sep 30th 17:23][0m [33mSunflower♡#0707 uso prefix en Mᥱoᥕ ᥕorᥣd♡: $ [0m
[34m[Sep 30th 17:29][0m [33mSunflower♡#0707 uso user en Mᥱoᥕ ᥕorᥣd♡ [0m
[34m[Sep 30th 17:30][0m [36m111 comandos cargados [0m
[34m[Sep 30th 17:30][0m [36m7 eventos cargados [0m
[34m[Sep 30th 17:30][0m [36m12 loggers cargados [0m
[34m[Sep 30th 17:30][0m [36mLogged in as Gvng#9846 on 8 servers [0m
[34m[Sep 30th 17:30][0m [36mStartup took 1.247 seconds [0m
[34m[Sep 30th 17:31][0m [33mLykkev#0707 uso user en Mᥱoᥕ ᥕorᥣd♡ [0m
[34m[Sep 30th 17:31][0m [36m111 comandos cargados [0m
[34m[Sep 30th 17:31][0m [36m7 eventos cargados [0m
[34m[Sep 30th 17:31][0m [36m12 loggers cargados [0m
[34m[Sep 30th 17:31][0m [36mLogged in as Gvng#9846 on 8 servers [0m
[34m[Sep 30th 17:31][0m [36mStartup took 0.963 seconds [0m
[34m[Sep 30th 17:31][0m [33mLykkev#0707 uso user en Mᥱoᥕ ᥕorᥣd♡ [0m
[34m[Sep 30th 17:31][0m [33mLykkev#0707 uso user en Mᥱoᥕ ᥕorᥣd♡ [0m
[34m[Sep 30th 17:32][0m [36m111 comandos cargados [0m
[34m[Sep 30th 17:32][0m [36m7 eventos cargados [0m
[34m[Sep 30th 17:32][0m [36m12 loggers cargados [0m
[34m[Sep 30th 17:32][0m [36mLogged in as Gvng#9846 on 8 servers [0m
[34m[Sep 30th 17:32][0m [36mStartup took 1.39 seconds [0m
[34m[Sep 30th 17:32][0m [33mLykkev#0707 uso user en Mᥱoᥕ ᥕorᥣd♡ [0m
[34m[Sep 30th 17:33][0m [36m111 comandos cargados [0m
[34m[Sep 30th 17:33][0m [36m7 eventos cargados [0m
[34m[Sep 30th 17:33][0m [36m12 loggers cargados [0m
[34m[Sep 30th 17:33][0m [36mLogged in as Gvng#9846 on 8 servers [0m
[34m[Sep 30th 17:33][0m [36mStartup took 0.987 seconds [0m
[34m[Sep 30th 17:33][0m [33mLykkev#0707 uso user en Mᥱoᥕ ᥕorᥣd♡ [0m
[34m[Sep 30th 17:33][0m [33mLykkev#0707 uso user en Mᥱoᥕ ᥕorᥣd♡ [0m
[34m[Sep 30th 17:33][0m [33mSunflower♡#0707 uso user en Mᥱoᥕ ᥕorᥣd♡ [0m
[34m[Sep 30th 17:34][0m [33mLykkev#0707 uso color en Mᥱoᥕ ᥕorᥣd♡ [0m
[34m[Sep 30th 17:34][0m [33mLykkev#0707 uso color en Mᥱoᥕ ᥕorᥣd♡ [0m
[34m[Sep 30th 17:34][0m [33mLykkev#0707 uso color en Mᥱoᥕ ᥕorᥣd♡ [0m
[34m[Sep 30th 17:34][0m [33mLykkev#0707 uso color en Mᥱoᥕ ᥕorᥣd♡ [0m
[34m[Sep 30th 17:34][0m [33mLykkev#0707 uso color en Mᥱoᥕ ᥕorᥣd♡ [0m
[34m[Sep 30th 17:35][0m [36m111 comandos cargados [0m
[34m[Sep 30th 17:35][0m [36m7 eventos cargados [0m
[34m[Sep 30th 17:35][0m [36m12 loggers cargados [0m
[34m[Sep 30th 17:35][0m [36mLogged in as Gvng#9846 on 8 servers [0m
[34m[Sep 30th 17:35][0m [36mStartup took 1.54 seconds [0m
[34m[Sep 30th 17:35][0m [33mSunflower♡#0707 uso color en Mᥱoᥕ ᥕorᥣd♡ [0m
[34m[Sep 30th 17:35][0m [33mLykkev#0707 uso user en Mᥱoᥕ ᥕorᥣd♡ [0m
[34m[Sep 30th 17:36][0m [36m111 comandos cargados [0m
[34m[Sep 30th 17:36][0m [36m7 eventos cargados [0m
[34m[Sep 30th 17:36][0m [36m12 loggers cargados [0m
[34m[Sep 30th 17:36][0m [36mLogged in as Gvng#9846 on 8 servers [0m
[34m[Sep 30th 17:36][0m [36mStartup took 1.78 seconds [0m
[34m[Sep 30th 17:36][0m [33mSunflower♡#0707 uso user en Mᥱoᥕ ᥕorᥣd♡ [0m
[34m[Sep 30th 17:36][0m [33mSunflower♡#0707 uso user en Mᥱoᥕ ᥕorᥣd♡ [0m
[34m[Sep 30th 17:37][0m [36m111 comandos cargados [0m
[34m[Sep 30th 17:37][0m [36m7 eventos cargados [0m
[34m[Sep 30th 17:37][0m [36m12 loggers cargados [0m
[34m[Sep 30th 17:37][0m [36mLogged in as Gvng#9846 on 8 servers [0m
[34m[Sep 30th 17:37][0m [36mStartup took 0.956 seconds [0m
[34m[Sep 30th 17:37][0m [33mLykkev#0707 uso user en Mᥱoᥕ ᥕorᥣd♡ [0m
[34m[Sep 30th 17:37][0m [33mSunflower♡#0707 uso kiss en Mᥱoᥕ ᥕorᥣd♡: <@662157806975188992> [0m
[34m[Sep 30th 17:38][0m [33mLykkev#0707 uso kiss en Mᥱoᥕ ᥕorᥣd♡: <@!614258110768480267> [0m
[34m[Sep 30th 17:38][0m [33mLykkev#0707 uso kiss en Mᥱoᥕ ᥕorᥣd♡: <@!614258110768480267> [0m
[34m[Sep 30th 17:38][0m [33mSunflower♡#0707 uso kiss en Mᥱoᥕ ᥕorᥣd♡: <@662157806975188992> [0m
[34m[Sep 30th 17:48][0m [33mSunflower♡#0707 uso invite en Mᥱoᥕ ᥕorᥣd♡ [0m
[34m[Sep 30th 17:49][0m [33mSunflower♡#0707 uso help en Mᥱoᥕ ᥕorᥣd♡ [0m
[34m[Sep 30th 17:53][0m [33mSunflower♡#0707 uso cowsay en Mᥱoᥕ ᥕorᥣd♡: sin,llorar [0m
[34m[Sep 30th 18:00][0m [36m111 comandos cargados [0m
[34m[Sep 30th 18:00][0m [36m7 eventos cargados [0m
[34m[Sep 30th 18:00][0m [36m12 loggers cargados [0m
[34m[Sep 30th 18:00][0m [36mLogged in as Gvng#9846 on 8 servers [0m
[34m[Sep 30th 18:00][0m [36mStartup took 1.149 seconds [0m
[34m[Sep 30th 18:00][0m [33mLykkev#0707 uso kiss en Savash ♡ Marki: <@!614258110768480267> [0m
[34m[Sep 30th 18:01][0m [36m111 comandos cargados [0m
[34m[Sep 30th 18:01][0m [36m7 eventos cargados [0m
[34m[Sep 30th 18:01][0m [36m12 loggers cargados [0m
[34m[Sep 30th 18:01][0m [36mLogged in as Gvng#9846 on 8 servers [0m
[34m[Sep 30th 18:01][0m [36mStartup took 0.994 seconds [0m
[34m[Sep 30th 18:01][0m [33mLykkev#0707 uso kiss en Savash ♡ Marki: 614258110768480267 [0m
[34m[Sep 30th 18:01][0m [36m111 comandos cargados [0m
[34m[Sep 30th 18:01][0m [36m7 eventos cargados [0m
[34m[Sep 30th 18:01][0m [36m12 loggers cargados [0m
[34m[Sep 30th 18:01][0m [36mLogged in as Gvng#9846 on 8 servers [0m
[34m[Sep 30th 18:01][0m [36mStartup took 1.1 seconds [0m
[34m[Sep 30th 18:02][0m [33mLykkev#0707 uso kiss en Savash ♡ Marki: 614258110768480267 [0m
[34m[Sep 30th 18:02][0m [33mLykkev#0707 uso kiss en Savash ♡ Marki: 614258110768480267 [0m
[34m[Sep 30th 18:02][0m [33mLykkev#0707 uso kiss en Savash ♡ Marki: 614258110768480267 [0m
[34m[Sep 30th 18:02][0m [33mLykkev#0707 uso kiss en Savash ♡ Marki: 614258110768480267 [0m
[34m[Sep 30th 18:02][0m [33mLykkev#0707 uso kiss en Savash ♡ Marki: 614258110768480267 [0m
[34m[Sep 30th 18:02][0m [33mLykkev#0707 uso kiss en Savash ♡ Marki: 614258110768480267 [0m
[34m[Sep 30th 18:02][0m [33mLykkev#0707 uso kiss en Savash ♡ Marki: 614258110768480267 [0m
[34m[Sep 30th 18:02][0m [33mLykkev#0707 uso kiss en Savash ♡ Marki: 614258110768480267 [0m
[34m[Sep 30th 18:02][0m [33mLykkev#0707 uso purge en Savash ♡ Marki: 20 [0m
[34m[Sep 30th 18:04][0m [36m111 comandos cargados [0m
[34m[Sep 30th 18:04][0m [36m7 eventos cargados [0m
[34m[Sep 30th 18:04][0m [36m12 loggers cargados [0m
[34m[Sep 30th 18:04][0m [36mLogged in as Gvng#9846 on 8 servers [0m
[34m[Sep 30th 18:04][0m [36mStartup took 0.956 seconds [0m
[34m[Sep 30th 18:04][0m [33mLykkev#0707 uso kiss en Savash ♡ Marki: 614258110768480267 [0m
[34m[Sep 30th 18:05][0m [36m111 comandos cargados [0m
[34m[Sep 30th 18:05][0m [36m7 eventos cargados [0m
[34m[Sep 30th 18:05][0m [36m12 loggers cargados [0m
[34m[Sep 30th 18:05][0m [36mLogged in as Gvng#9846 on 8 servers [0m
[34m[Sep 30th 18:05][0m [36mStartup took 0.979 seconds [0m
[34m[Sep 30th 18:07][0m [36m111 comandos cargados [0m
[34m[Sep 30th 18:07][0m [36m7 eventos cargados [0m
[34m[Sep 30th 18:07][0m [36m12 loggers cargados [0m
[34m[Sep 30th 18:07][0m [36mLogged in as Gvng#9846 on 8 servers [0m
[34m[Sep 30th 18:07][0m [36mStartup took 1.250 seconds [0m
[34m[Sep 30th 18:07][0m [33mLykkev#0707 uso kiss en El servidor de Lykkev: <@!760706188915769354> [0m
[34m[Sep 30th 18:07][0m [36m111 comandos cargados [0m
[34m[Sep 30th 18:07][0m [36m7 eventos cargados [0m
[34m[Sep 30th 18:07][0m [36m12 loggers cargados [0m
[34m[Sep 30th 18:07][0m [36mLogged in as Gvng#9846 on 8 servers [0m
[34m[Sep 30th 18:07][0m [36mStartup took 0.948 seconds [0m
[34m[Sep 30th 18:15][0m [36m111 comandos cargados [0m
[34m[Sep 30th 18:15][0m [36m7 eventos cargados [0m
[34m[Sep 30th 18:15][0m [36m12 loggers cargados [0m
[34m[Sep 30th 18:15][0m [36mLogged in as Gvng#9846 on 8 servers [0m
[34m[Sep 30th 18:15][0m [36mStartup took 0.968 seconds [0m
[34m[Sep 30th 18:15][0m [33mLykkev#0707 uso kiss en El servidor de Lykkev: <@!760706188915769354> [0m
[34m[Sep 30th 18:18][0m [33mkiss.js falló al cargar: SyntaxError: Unexpected token '}' [0m
[34m[Sep 30th 18:18][0m [36m110 comandos cargados [0m
[34m[Sep 30th 18:18][0m [36m7 eventos cargados [0m
[34m[Sep 30th 18:18][0m [36m12 loggers cargados [0m
[34m[Sep 30th 18:18][0m [36mLogged in as Gvng#9846 on 8 servers [0m
[34m[Sep 30th 18:18][0m [36mStartup took 1.147 seconds [0m
[34m[Sep 30th 18:19][0m [36m111 comandos cargados [0m
[34m[Sep 30th 18:19][0m [36m7 eventos cargados [0m
[34m[Sep 30th 18:19][0m [36m12 loggers cargados [0m
[34m[Sep 30th 18:19][0m [36mLogged in as Gvng#9846 on 8 servers [0m
[34m[Sep 30th 18:19][0m [36mStartup took 1.39 seconds [0m
[34m[Sep 30th 18:22][0m [33mkiss.js falló al cargar: Error: Cannot find module '../../functions.js'
Require stack:
- C:\Users\Shadow\Documents\Bot\Hibiki-main\Hibiki\src\commands\Roleplay\kiss.js
- C:\Users\Shadow\Documents\Bot\Hibiki-main\Hibiki\src\scripts\loader.js
- C:\Users\Shadow\Documents\Bot\Hibiki-main\Hibiki\src\structures\Client.js
- C:\Users\Shadow\Documents\Bot\Hibiki-main\Hibiki\src\index.js [0m
[34m[Sep 30th 18:22][0m [36m110 comandos cargados [0m
[34m[Sep 30th 18:22][0m [36m7 eventos cargados [0m
[34m[Sep 30th 18:22][0m [36m12 loggers cargados [0m
[34m[Sep 30th 18:22][0m [36mLogged in as Gvng#9846 on 8 servers [0m
[34m[Sep 30th 18:22][0m [36mStartup took 1.212 seconds [0m
[34m[Sep 30th 18:23][0m [33mkiss.js falló al cargar: Error: Cannot find module '../../functions.js'
Require stack:
- C:\Users\Shadow\Documents\Bot\Hibiki-main\Hibiki\src\commands\Roleplay\kiss.js
- C:\Users\Shadow\Documents\Bot\Hibiki-main\Hibiki\src\scripts\loader.js
- C:\Users\Shadow\Documents\Bot\Hibiki-main\Hibiki\src\structures\Client.js
- C:\Users\Shadow\Documents\Bot\Hibiki-main\Hibiki\src\index.js [0m
[34m[Sep 30th 18:23][0m [36m110 comandos cargados [0m
[34m[Sep 30th 18:23][0m [36m7 eventos cargados [0m
[34m[Sep 30th 18:23][0m [36m12 loggers cargados [0m
[34m[Sep 30th 18:23][0m [36mLogged in as Gvng#9846 on 8 servers [0m
[34m[Sep 30th 18:23][0m [36mStartup took 1.376 seconds [0m
[34m[Sep 30th 18:24][0m [33mkiss.js falló al cargar: Error: Cannot find module '../../functions.js'
Require stack:
- C:\Users\Shadow\Documents\Bot\Hibiki-main\Hibiki\src\commands\Roleplay\kiss.js
- C:\Users\Shadow\Documents\Bot\Hibiki-main\Hibiki\src\scripts\loader.js
- C:\Users\Shadow\Documents\Bot\Hibiki-main\Hibiki\src\structures\Client.js
- C:\Users\Shadow\Documents\Bot\Hibiki-main\Hibiki\src\index.js [0m
[34m[Sep 30th 18:24][0m [36m110 comandos cargados [0m
[34m[Sep 30th 18:24][0m [36m7 eventos cargados [0m
[34m[Sep 30th 18:24][0m [36m12 loggers cargados [0m
[34m[Sep 30th 18:24][0m [36mLogged in as Gvng#9846 on 8 servers [0m
[34m[Sep 30th 18:24][0m [36mStartup took 1.206 seconds [0m
[34m[Sep 30th 18:24][0m [36m7 eventos cargados [0m
[34m[Sep 30th 18:24][0m [36m12 loggers cargados [0m
[34m[Sep 30th 18:24][0m [36mLogged in as Gvng#9846 on 8 servers [0m
[34m[Sep 30th 18:24][0m [36mStartup took 1.192 seconds [0m
[34m[Sep 30th 18:40][0m [36m111 comandos cargados [0m
[34m[Sep 30th 18:40][0m [36m7 eventos cargados [0m
[34m[Sep 30th 18:40][0m [36m12 loggers cargados [0m
[34m[Sep 30th 18:40][0m [36mLogged in as Gvng#9846 on 8 servers [0m
[34m[Sep 30th 18:40][0m [36mStartup took 1.37 seconds [0m
[34m[Sep 30th 18:40][0m [33mLykkev#0707 uso kiss en Savash ♡ Marki: <@!472217829819678723> [0m
[34m[Sep 30th 18:44][0m [33mSunflower♡#0707 uso clima en Savash ♡ Marki: buenos,aires [0m
[34m[Sep 30th 18:45][0m [36m111 comandos cargados [0m
[34m[Sep 30th 18:45][0m [36m7 eventos cargados [0m
[34m[Sep 30th 18:45][0m [36m12 loggers cargados [0m
[34m[Sep 30th 18:45][0m [36mLogged in as Gvng#9846 on 8 servers [0m
[34m[Sep 30th 18:45][0m [36mStartup took 1.48 seconds [0m
[34m[Sep 30th 18:45][0m [33mLykkev#0707 uso kiss en Savash ♡ Marki: <@!614258110768480267> [0m
[34m[Sep 30th 18:45][0m [33mSunflower♡#0707 uso kiss en Savash ♡ Marki: <@662157806975188992> [0m
[34m[Sep 30th 18:46][0m [33mLykkev#0707 uso kiss en Savash ♡ Marki: <@!614258110768480267> [0m
[34m[Sep 30th 18:46][0m [33mSunflower♡#0707 uso kiss en Savash ♡ Marki: <@662157806975188992> [0m
[34m[Sep 30th 18:52][0m [33mLykkev#0707 uso mute en Mᥱoᥕ ᥕorᥣd♡: <@!697314778133299260> [0m
[34m[Sep 30th 18:54][0m [33mSunflower♡#6095 uso kiss en Savash ♡ Marki: <@662157806975188992> [0m
[34m[Sep 30th 18:56][0m [33mLykkev#5184 uso kiss en Savash ♡ Marki: <@614258110768480267> [0m
[34m[Sep 30th 18:56][0m [33mLykkev#5184 uso unmute en Mᥱoᥕ ᥕorᥣd♡: 697314778133299260 [0m
[34m[Sep 30th 18:59][0m [33mLykkev#5184 uso mute en Mᥱoᥕ ᥕorᥣd♡: <@!548702615165337610> [0m
[34m[Sep 30th 18:59][0m [33mLykkev#5184 uso help en El servidor de Lykkev: mute [0m
[34m[Sep 30th 19:00][0m [33mLykkev#5184 uso unmute en Mᥱoᥕ ᥕorᥣd♡: 548702615165337610 [0m
[34m[Sep 30th 19:12][0m [33mLykkev#0707 uso setup en Mᥱoᥕ ᥕorᥣd♡ [0m
[34m[Sep 30th 19:24][0m [33mLykkev#0707 uso user en Savash ♡ Marki [0m
[34m[Sep 30th 19:25][0m [33mLykkev#0707 uso addpoint en Savash ♡ Marki: <@!662157806975188992>,test [0m
[34m[Sep 30th 19:25][0m [33mLykkev#0707 uso user en Savash ♡ Marki [0m
[34m[Sep 30th 19:26][0m [33mLykkev#0707 uso purge en Savash ♡ Marki: 10 [0m
[34m[Sep 30th 19:26][0m [33mLykkev#0707 uso purge en Savash ♡ Marki: 6 [0m
[34m[Sep 30th 19:26][0m [33mSunflower♡#6095 uso user en Savash ♡ Marki [0m
[34m[Sep 30th 19:27][0m [36m108 comandos cargados [0m
[34m[Sep 30th 19:27][0m [36m7 eventos cargados [0m
[34m[Sep 30th 19:27][0m [36m12 loggers cargados [0m
[34m[Sep 30th 19:27][0m [36mLogged in as Gvng#9846 on 8 servers [0m
[34m[Sep 30th 19:27][0m [36mStartup took 1.245 seconds [0m
[34m[Sep 30th 19:27][0m [33mLykkev#0707 uso user en Savash ♡ Marki [0m
[34m[Sep 30th 19:27][0m [36m108 comandos cargados [0m
[34m[Sep 30th 19:27][0m [36m7 eventos cargados [0m
[34m[Sep 30th 19:27][0m [36m12 loggers cargados [0m
[34m[Sep 30th 19:27][0m [36mLogged in as Gvng#9846 on 8 servers [0m
[34m[Sep 30th 19:27][0m [36mStartup took 0.994 seconds [0m
[34m[Sep 30th 19:27][0m [33mLykkev#0707 uso user en Savash ♡ Marki [0m
[34m[Sep 30th 19:28][0m [36m108 comandos cargados [0m
[34m[Sep 30th 19:28][0m [36m7 eventos cargados [0m
[34m[Sep 30th 19:28][0m [36m12 loggers cargados [0m
[34m[Sep 30th 19:28][0m [36mLogged in as Gvng#9846 on 8 servers [0m
[34m[Sep 30th 19:28][0m [36mStartup took 1.9 seconds [0m
[34m[Sep 30th 19:28][0m [33mLykkev#0707 uso user en Savash ♡ Marki [0m
[34m[Sep 30th 19:29][0m [33mLykkev#0707 uso user en Savash ♡ Marki: <@!614258110768480267> [0m
[34m[Sep 30th 19:29][0m [36m108 comandos cargados [0m
[34m[Sep 30th 19:29][0m [36m7 eventos cargados [0m
[34m[Sep 30th 19:29][0m [36m12 loggers cargados [0m
[34m[Sep 30th 19:29][0m [36mLogged in as Gvng#9846 on 8 servers [0m
[34m[Sep 30th 19:29][0m [36mStartup took 0.948 seconds [0m
[34m[Sep 30th 19:29][0m [33mLykkev#0707 uso user en Savash ♡ Marki [0m
[34m[Sep 30th 19:32][0m [33mLykkev#0707 uso user en Savash ♡ Marki: <@!614258110768480267> [0m
[34m[Sep 30th 19:32][0m [33mLykkev#0707 uso user en Savash ♡ Marki [0m
[34m[Sep 30th 19:32][0m [33mLykkev#0707 uso user en Savash ♡ Marki: <@!756360839866613771> [0m
[34m[Sep 30th 19:32][0m [36m108 comandos cargados [0m
[34m[Sep 30th 19:32][0m [36m7 eventos cargados [0m
[34m[Sep 30th 19:32][0m [36m12 loggers cargados [0m
[34m[Sep 30th 19:32][0m [36mLogged in as Gvng#9846 on 8 servers [0m
[34m[Sep 30th 19:32][0m [36mStartup took 0.977 seconds [0m
[34m[Sep 30th 19:32][0m [33mLykkev#0707 uso user en Savash ♡ Marki [0m
[34m[Sep 30th 19:34][0m [36m108 comandos cargados [0m
[34m[Sep 30th 19:34][0m [36m7 eventos cargados [0m
[34m[Sep 30th 19:34][0m [36m12 loggers cargados [0m
[34m[Sep 30th 19:34][0m [36mLogged in as Gvng#9846 on 8 servers [0m
[34m[Sep 30th 19:34][0m [36mStartup took 0.939 seconds [0m
[34m[Sep 30th 19:34][0m [33mLykkev#0707 uso user en Savash ♡ Marki: <@!493716749342998541> [0m
[34m[Sep 30th 19:34][0m [33mLykkev#0707 uso user en Savash ♡ Marki: <@!547905866255433758> [0m
[34m[Sep 30th 19:34][0m [33mSunflower♡#6095 uso user en Savash ♡ Marki: <@234395307759108106> [0m
[34m[Sep 30th 19:34][0m [33mLykkev#0707 uso user en Savash ♡ Marki [0m
[34m[Sep 30th 19:38][0m [36m108 comandos cargados [0m
[34m[Sep 30th 19:38][0m [36m7 eventos cargados [0m
[34m[Sep 30th 19:38][0m [36m12 loggers cargados [0m
[34m[Sep 30th 19:38][0m [36mLogged in as Gvng#9846 on 8 servers [0m
[34m[Sep 30th 19:38][0m [36mStartup took 1.1 seconds [0m
[34m[Sep 30th 19:38][0m [33mLykkev#0707 uso user en Savash ♡ Marki [0m
[34m[Sep 30th 19:38][0m [33mLykkev#0707 uso invite en Savash ♡ Marki [0m
[34m[Sep 30th 19:40][0m [36m108 comandos cargados [0m
[34m[Sep 30th 19:40][0m [36m7 eventos cargados [0m
[34m[Sep 30th 19:40][0m [36m12 loggers cargados [0m
[34m[Sep 30th 19:40][0m [36mLogged in as Gvng#9846 on 8 servers [0m
[34m[Sep 30th 19:40][0m [36mStartup took 1.111 seconds [0m
[34m[Sep 30th 19:40][0m [33mLykkev#0707 uso user en Savash ♡ Marki [0m
[34m[Sep 30th 19:40][0m [33mSunflower♡#6095 uso invite en Savash ♡ Marki [0m
[34m[Sep 30th 19:40][0m [33mLykkev#0707 uso embed en Savash ♡ Marki [0m
[34m[Sep 30th 19:41][0m [36m108 comandos cargados [0m
[34m[Sep 30th 19:41][0m [36m7 eventos cargados [0m
[34m[Sep 30th 19:41][0m [36m12 loggers cargados [0m
[34m[Sep 30th 19:41][0m [36mLogged in as Gvng#9846 on 8 servers [0m
[34m[Sep 30th 19:41][0m [36mStartup took 1.13 seconds [0m
[34m[Sep 30th 19:41][0m [33mLykkev#0707 uso embed en Savash ♡ Marki [0m
[34m[Sep 30th 19:42][0m [33mLykkev#0707 uso avatar en Savash ♡ Marki [0m
[34m[Sep 30th 19:42][0m [33mLykkev#0707 uso color en Savash ♡ Marki [0m
[34m[Sep 30th 19:43][0m [33mLykkev#0707 uso embed en Savash ♡ Marki [0m
[34m[Sep 30th 19:45][0m [33mSunflower♡#6095 uso embed en Savash ♡ Marki [0m
[34m[Sep 30th 19:45][0m [33mLykkev#0707 uso color en Savash ♡ Marki: #231030 [0m
[34m[Sep 30th 19:45][0m [33mLykkev#0707 uso embed en Savash ♡ Marki [0m
[34m[Sep 30th 19:46][0m [33mLykkev#0707 uso color en Savash ♡ Marki [0m
[34m[Sep 30th 19:47][0m [33mSunflower♡#6095 uso embed en Savash ♡ Marki [0m
[34m[Sep 30th 19:49][0m [33mLykkev#0707 uso embed en Savash ♡ Marki [0m
[34m[Sep 30th 19:50][0m [36m108 comandos cargados [0m
[34m[Sep 30th 19:50][0m [36m7 eventos cargados [0m
[34m[Sep 30th 19:50][0m [36m12 loggers cargados [0m
[34m[Sep 30th 19:50][0m [36mLogged in as Gvng#9846 on 8 servers [0m
[34m[Sep 30th 19:50][0m [36mStartup took 1.17 seconds [0m
[34m[Sep 30th 19:51][0m [33mSunflower♡#6095 uso embed en Savash ♡ Marki [0m
[34m[Sep 30th 19:54][0m [33mLykkev#0707 uso server en Savash ♡ Marki [0m
[34m[Sep 30th 19:54][0m [33mSunflower♡#6095 uso invite en Savash ♡ Marki [0m
[34m[Sep 30th 19:55][0m [33mLykkev#0707 uso setup en Savash ♡ Marki [0m
[34m[Sep 30th 19:55][0m [33mSunflower♡#6095 uso help en Savash ♡ Marki: setup [0m
[34m[Sep 30th 19:56][0m [33mLykkev#0707 uso kick en Savash ♡ Marki: <@!472217829819678723> [0m
[34m[Sep 30th 19:57][0m [33mSunflower♡#6095 uso setup en Savash ♡ Marki [0m
[34m[Sep 30th 19:58][0m [33mLykkev#0707 uso setup en Mᥱoᥕ ᥕorᥣd♡ [0m
[34m[Sep 30th 19:59][0m [33mSunflower♡#6095 uso user en Savash ♡ Marki [0m
[34m[Sep 30th 20:00][0m [33mLykkev#0707 uso addpoint en Savash ♡ Marki: <@!614258110768480267>,mi,vida [0m
[34m[Sep 30th 20:01][0m [33mSunflower♡#6095 uso user en Savash ♡ Marki [0m
[34m[Sep 30th 20:01][0m [33mLykkev#0707 uso addpoint en Savash ♡ Marki: <@!614258110768480267>,mi,vida [0m
[34m[Sep 30th 20:01][0m [33mLykkev#0707 uso addpoint en Savash ♡ Marki: <@!614258110768480267>,mi,vida [0m
[34m[Sep 30th 20:01][0m [33mLykkev#0707 uso addpoint en Savash ♡ Marki: <@!614258110768480267>,mi,vida [0m
[34m[Sep 30th 20:01][0m [33mLykkev#0707 uso addpoint en Savash ♡ Marki: <@!614258110768480267>,mi,vida [0m
[34m[Sep 30th 20:01][0m [33mLykkev#0707 uso addpoint en Savash ♡ Marki: <@!614258110768480267>,mi,vida [0m
[34m[Sep 30th 20:01][0m [33mLykkev#0707 uso addpoint en Savash ♡ Marki: <@!614258110768480267>,mi,vida [0m
[34m[Sep 30th 20:01][0m [33mLykkev#0707 uso addpoint en Savash ♡ Marki: <@!614258110768480267>,mi,vida [0m
[34m[Sep 30th 20:01][0m [33mLykkev#0707 uso user en Savash ♡ Marki: <@!614258110768480267> [0m
[34m[Sep 30th 20:01][0m [33mLykkev#0707 uso removepoint en Savash ♡ Marki: <@!614258110768480267>,mi,vida [0m
[34m[Sep 30th 20:02][0m [33mSunflower♡#6095 uso user en Savash ♡ Marki [0m
[34m[Sep 30th 20:09][0m [33mSunflower♡#6095 uso user en Savash ♡ Marki [0m
[34m[Sep 30th 20:11][0m [36m108 comandos cargados [0m
[34m[Sep 30th 20:11][0m [36m7 eventos cargados [0m
[34m[Sep 30th 20:11][0m [36m12 loggers cargados [0m
[34m[Sep 30th 20:11][0m [36mLogged in as Gvng#9846 on 8 servers [0m
[34m[Sep 30th 20:11][0m [36mStartup took 1.38 seconds [0m
[34m[Sep 30th 20:11][0m [33mLykkev#0707 uso help en Savash ♡ Marki: setup [0m
[34m[Sep 30th 20:12][0m [36m108 comandos cargados [0m
[34m[Sep 30th 20:12][0m [36m7 eventos cargados [0m
[34m[Sep 30th 20:12][0m [36m12 loggers cargados [0m
[34m[Sep 30th 20:12][0m [36mLogged in as Gvng#9846 on 8 servers [0m
[34m[Sep 30th 20:12][0m [36mStartup took 0.954 seconds [0m
[34m[Sep 30th 20:12][0m [33mLykkev#0707 uso help en Savash ♡ Marki: setup [0m
[34m[Sep 30th 20:14][0m [33mSunflower♡#6095 uso setup en Savash ♡ Marki [0m
[34m[Sep 30th 20:14][0m [33mSunflower♡#6095 uso setup en Savash ♡ Marki [0m
[34m[Sep 30th 20:14][0m [36m108 comandos cargados [0m
[34m[Sep 30th 20:14][0m [36m7 eventos cargados [0m
[34m[Sep 30th 20:14][0m [36m12 loggers cargados [0m
[34m[Sep 30th 20:14][0m [36mLogged in as Gvng#9846 on 8 servers [0m
[34m[Sep 30th 20:14][0m [36mStartup took 1.92 seconds [0m
[34m[Sep 30th 20:15][0m [33mLykkev#0707 uso setup en Savash ♡ Marki [0m
[34m[Sep 30th 20:16][0m [33mSunflower♡#6095 uso setup en Savash ♡ Marki [0m
[34m[Sep 30th 20:17][0m [33mLykkev#0707 uso setup en Savash ♡ Marki [0m
[34m[Sep 30th 20:17][0m [33mSunflower♡#6095 uso help en Savash ♡ Marki: setup [0m
[34m[Sep 30th 20:18][0m [33mLykkev#0707 uso kick en Savash ♡ Marki: <@!472217829819678723> [0m
[34m[Sep 30th 20:18][0m [33mLykkev#0707 uso setup en Savash ♡ Marki [0m
[34m[Sep 30th 20:21][0m [33mLykkev#0707 uso user en Savash ♡ Marki: <@!614258110768480267> [0m
[34m[Sep 30th 20:24][0m [33mSunflower♡#6095 uso help en Savash ♡ Marki [0m
[34m[Sep 30th 20:24][0m [33mCursed#0707 uso removepoint en Savash ♡ Marki: <@!614258110768480267> [0m
[34m[Sep 30th 20:25][0m [33mCursed#0707 uso addpoint en Savash ♡ Marki: <@!662157806975188992> [0m
[34m[Sep 30th 20:27][0m [33mSunflower♡#6095 uso help en Savash ♡ Marki [0m
[34m[Sep 30th 20:28][0m [33mLykkev#0707 uso help en Savash ♡ Marki [0m
[34m[Sep 30th 20:32][0m [33mLykkev#0707 uso setup en BlauE's Comunity [0m
[34m[Sep 30th 20:33][0m [36m108 comandos cargados [0m
[34m[Sep 30th 20:33][0m [36m7 eventos cargados [0m
[34m[Sep 30th 20:33][0m [36m12 loggers cargados [0m
[34m[Sep 30th 20:33][0m [36mLogged in as Gvng#9846 on 8 servers [0m
[34m[Sep 30th 20:33][0m [36mStartup took 1.83 seconds [0m
[34m[Sep 30th 20:34][0m [33mSunflower♡#6095 uso help en Savash ♡ Marki [0m
[34m[Sep 30th 20:34][0m [33mLykkev#0707 uso help en Savash ♡ Marki [0m
[34m[Sep 30th 20:36][0m [33mLykkev#0707 uso channelinfo en Savash ♡ Marki: <#742860118399385703> [0m
[34m[Sep 30th 20:37][0m [33mLykkev#0707 uso roleinfo en Savash ♡ Marki: <@&742957226385342524> [0m
[34m[Sep 30th 20:37][0m [33mLykkev#0707 uso roleinfo en Savash ♡ Marki: 742957226385342524 [0m
[34m[Sep 30th 20:37][0m [36m108 comandos cargados [0m
[34m[Sep 30th 20:37][0m [36m7 eventos cargados [0m
[34m[Sep 30th 20:37][0m [36m12 loggers cargados [0m
[34m[Sep 30th 20:37][0m [36mLogged in as Gvng#9846 on 8 servers [0m
[34m[Sep 30th 20:37][0m [36mStartup took 1.8 seconds [0m
[34m[Sep 30th 20:37][0m [33mLykkev#0707 uso roleinfo en Savash ♡ Marki: <@&742957226385342524> [0m
[34m[Sep 30th 20:38][0m [36m108 comandos cargados [0m
[34m[Sep 30th 20:38][0m [36m7 eventos cargados [0m
[34m[Sep 30th 20:38][0m [36m12 loggers cargados [0m
[34m[Sep 30th 20:38][0m [36mLogged in as Gvng#9846 on 8 servers [0m
[34m[Sep 30th 20:38][0m [36mStartup took 1.46 seconds [0m
[34m[Sep 30th 20:40][0m [33mSunflower♡#6095 uso invite en Savash ♡ Marki [0m
[34m[Sep 30th 20:44][0m [33mLykkev#0707 uso kiss en Savash ♡ Marki: <@!614258110768480267> [0m
[34m[Sep 30th 20:44][0m [33mSunflower♡#6095 uso user en Savash ♡ Marki [0m
[34m[Sep 30th 20:45][0m [36m108 comandos cargados [0m
[34m[Sep 30th 20:45][0m [36m7 eventos cargados [0m
[34m[Sep 30th 20:45][0m [36m12 loggers cargados [0m
[34m[Sep 30th 20:45][0m [36mLogged in as Gvng#9846 on 8 servers [0m
[34m[Sep 30th 20:45][0m [36mStartup took 1.72 seconds [0m
[34m[Sep 30th 20:45][0m [33mLykkev#0707 uso user en Savash ♡ Marki [0m
[34m[Sep 30th 20:46][0m [36m108 comandos cargados [0m
[34m[Sep 30th 20:46][0m [36m7 eventos cargados [0m
[34m[Sep 30th 20:46][0m [36m12 loggers cargados [0m
[34m[Sep 30th 20:46][0m [36mLogged in as Gvng#9846 on 8 servers [0m
[34m[Sep 30th 20:46][0m [36mStartup took 0.985 seconds [0m
[34m[Sep 30th 20:46][0m [33mLykkev#0707 uso user en Savash ♡ Marki [0m
[34m[Sep 30th 20:47][0m [36m108 comandos cargados [0m
[34m[Sep 30th 20:47][0m [36m7 eventos cargados [0m
[34m[Sep 30th 20:47][0m [36m12 loggers cargados [0m
[34m[Sep 30th 20:47][0m [36mLogged in as Gvng#9846 on 8 servers [0m
[34m[Sep 30th 20:47][0m [36mStartup took 0.907 seconds [0m
[34m[Sep 30th 20:47][0m [33mLykkev#0707 uso user en Savash ♡ Marki [0m
[34m[Sep 30th 20:49][0m [33mSunflower♡#6095 uso kiss en Savash ♡ Marki: <@662157806975188992> [0m
[34m[Sep 30th 20:49][0m [33mSunflower♡#6095 uso addpoint en Savash ♡ Marki: <@614258110768480267> [0m
[34m[Sep 30th 20:49][0m [33mSunflower♡#6095 uso addpoint en Savash ♡ Marki: <@662157806975188992> [0m
[34m[Sep 30th 20:49][0m [33mSunflower♡#6095 uso user en Savash ♡ Marki: <@662157806975188992> [0m
[34m[Sep 30th 20:49][0m [33mSunflower♡#6095 uso addpoint en Savash ♡ Marki: <@662157806975188992> [0m
[34m[Sep 30th 20:50][0m [33mSunflower♡#6095 uso addpoint en Savash ♡ Marki: <@662157806975188992> [0m
[34m[Sep 30th 20:50][0m [33mSunflower♡#6095 uso addpoint en Savash ♡ Marki: <@662157806975188992> [0m
[34m[Sep 30th 20:50][0m [33mSunflower♡#6095 uso addpoint en Savash ♡ Marki: <@662157806975188992> [0m
[34m[Sep 30th 20:50][0m [33mSunflower♡#6095 uso user en Savash ♡ Marki: <@662157806975188992> [0m
[34m[Sep 30th 20:50][0m [33mSunflower♡#6095 uso user en Savash ♡ Marki [0m
[34m[Sep 30th 20:51][0m [33mSunflower♡#6095 uso addpoint en Savash ♡ Marki: <@614258110768480267> [0m
[34m[Sep 30th 20:51][0m [33mSunflower♡#6095 uso addpoint en Savash ♡ Marki: <@614258110768480267> [0m
[34m[Sep 30th 20:51][0m [33mSunflower♡#6095 uso user en Savash ♡ Marki [0m
[34m[Sep 30th 20:51][0m [33mSunflower♡#6095 uso owoify en Savash ♡ Marki: ke [0m
[34m[Sep 30th 20:52][0m [33mSunflower♡#6095 uso owoify en Savash ♡ Marki: merly,ama,a,savash [0m
[34m[Sep 30th 20:53][0m [33mSunflower♡#6095 uso help en Savash ♡ Marki: owoify [0m
[34m[Sep 30th 20:54][0m [33mSunflower♡#6095 uso owoify en Savash ♡ Marki: ola,q,tal,como,tash [0m
[34m[Sep 30th 20:56][0m [33mSunflower♡#6095 uso gay en Savash ♡ Marki [0m
[34m[Sep 30th 20:57][0m [33mSunflower♡#6095 uso gay en Mᥱoᥕ ᥕorᥣd♡: <@548702615165337610> [0m
[34m[Sep 30th 20:57][0m [33mSunflower♡#6095 uso gay en Mᥱoᥕ ᥕorᥣd♡: <@548702615165337610> [0m
[34m[Sep 30th 20:58][0m [33mSunflower♡#6095 uso gay en Mᥱoᥕ ᥕorᥣd♡: <@548702615165337610> [0m
[34m[Sep 30th 20:58][0m [33mNehe#7942 uso gay en Mᥱoᥕ ᥕorᥣd♡: <@!662157806975188992> [0m
[34m[Sep 30th 20:58][0m [33mSunflower♡#6095 uso gay en Mᥱoᥕ ᥕorᥣd♡: <@710546898926174251> [0m
[34m[Sep 30th 20:58][0m [33mLykkev#0707 uso dicksize en Mᥱoᥕ ᥕorᥣd♡: <@!548702615165337610> [0m
[34m[Sep 30th 20:58][0m [33mSunflower♡#6095 uso dicksize en Mᥱoᥕ ᥕorᥣd♡ [0m
[34m[Sep 30th 20:59][0m [33mSunflower♡#6095 uso dicksize en Mᥱoᥕ ᥕorᥣd♡ [0m
[34m[Sep 30th 20:59][0m [33mSunflower♡#6095 uso dicksize en Mᥱoᥕ ᥕorᥣd♡: <@662157806975188992> [0m
[34m[Sep 30th 20:59][0m [33mSunflower♡#6095 uso dicksize en Mᥱoᥕ ᥕorᥣd♡ [0m
[34m[Sep 30th 20:59][0m [33mSunflower♡#6095 uso dicksize en Mᥱoᥕ ᥕorᥣd♡ [0m
[34m[Sep 30th 20:59][0m [33mSunflower♡#6095 uso dicksize en Mᥱoᥕ ᥕorᥣd♡ [0m
[34m[Sep 30th 21:00][0m [33mLykkev#0707 uso dicksize en Mᥱoᥕ ᥕorᥣd♡: <@!264557663579275266> [0m
[34m[Sep 30th 21:00][0m [33mNehe#7942 uso dicksize en Mᥱoᥕ ᥕorᥣd♡ [0m
[34m[Sep 30th 21:00][0m [33mLykkev#0707 uso dicksize en Mᥱoᥕ ᥕorᥣd♡: <@!748798025052323892> [0m
[34m[Sep 30th 21:00][0m [33mLykkev#0707 uso dicksize en Mᥱoᥕ ᥕorᥣd♡: <@!308435606965583902> [0m
[34m[Sep 30th 21:00][0m [33mSunflower♡#6095 uso dicksize en Mᥱoᥕ ᥕorᥣd♡: <@630878694738493445> [0m
[34m[Sep 30th 21:00][0m [33mLykkev#0707 uso dicksize en Mᥱoᥕ ᥕorᥣd♡: <@!537050308375740427> [0m
[34m[Sep 30th 21:00][0m [33mLykkev#0707 uso dicksize en Mᥱoᥕ ᥕorᥣd♡: <@!480793647445442570> [0m
[34m[Sep 30th 21:01][0m [33mLykkev#0707 uso dicksize en Mᥱoᥕ ᥕorᥣd♡: <@!477927552502202380> [0m
[34m[Sep 30th 21:01][0m [33mLykkev#0707 uso dicksize en Mᥱoᥕ ᥕorᥣd♡: <@!697314778133299260> [0m
[34m[Sep 30th 21:01][0m [33mSunflower♡#6095 uso dicksize en Mᥱoᥕ ᥕorᥣd♡: <@760706188915769354> [0m
[34m[Sep 30th 21:01][0m [33mSunflower♡#6095 uso dicksize en Mᥱoᥕ ᥕorᥣd♡: <@692582527449170010> [0m
[34m[Sep 30th 21:01][0m [33mLykkev#0707 uso dicksize en Mᥱoᥕ ᥕorᥣd♡: <@!493553149693526036> [0m
[34m[Sep 30th 21:01][0m [33mSunflower♡#6095 uso dicksize en Mᥱoᥕ ᥕorᥣd♡: <@479783517530750977> [0m
[34m[Sep 30th 21:02][0m [33mLykkev#0707 uso mute en Mᥱoᥕ ᥕorᥣd♡: <@!548702615165337610> [0m
[34m[Sep 30th 21:02][0m [33mLykkev#0707 uso unmute en Mᥱoᥕ ᥕorᥣd♡: 548702615165337610 [0m
[34m[Sep 30th 21:03][0m [33mLykkev#0707 uso forceban en Mᥱoᥕ ᥕorᥣd♡: 475050961354752018,,200002985940484097 [0m
[34m[Sep 30th 21:04][0m [33mLifeMix#2895 uso dicksize en Mᥱoᥕ ᥕorᥣd♡: <@!697314778133299260> [0m
[34m[Sep 30th 21:04][0m [33mGoose#4238 uso dicksize en Mᥱoᥕ ᥕorᥣd♡ [0m
[34m[Sep 30th 21:04][0m [33mSunflower♡#6095 uso mute en Mᥱoᥕ ᥕorᥣd♡: <@548702615165337610> [0m
[34m[Sep 30th 21:04][0m [33mSunflower♡#6095 uso mute en Mᥱoᥕ ᥕorᥣd♡: <@548702615165337610> [0m
[34m[Sep 30th 21:04][0m [33mLykkev#0707 uso mute en Mᥱoᥕ ᥕorᥣd♡: <@!548702615165337610>,sd [0m
[34m[Sep 30th 21:06][0m [33mLykkev#0707 uso mute en Mᥱoᥕ ᥕorᥣd♡: 710546898926174251 [0m
[34m[Sep 30th 21:06][0m [33mLykkev#0707 uso mute en Mᥱoᥕ ᥕorᥣd♡: <@!710546898926174251> [0m
[34m[Sep 30th 21:06][0m [33mLykkev#0707 uso gay en Mᥱoᥕ ᥕorᥣd♡: <@!477927552502202380> [0m
[34m[Sep 30th 21:06][0m [33mLykkev#0707 uso gay en Mᥱoᥕ ᥕorᥣd♡ [0m
[34m[Sep 30th 21:06][0m [33mGoose#4238 uso dicksize en Mᥱoᥕ ᥕorᥣd♡ [0m
[34m[Sep 30th 21:06][0m [33mLifeMix#2895 uso gay en Mᥱoᥕ ᥕorᥣd♡: <@!710546898926174251> [0m
[34m[Sep 30th 21:06][0m [33mLifeMix#2895 uso gay en Mᥱoᥕ ᥕorᥣd♡: <@!662157806975188992> [0m
[34m[Sep 30th 21:06][0m [33mGoose#4238 uso gay en Mᥱoᥕ ᥕorᥣd♡: <@697314778133299260> [0m
[34m[Sep 30th 21:08][0m [33mLykkev#0707 uso ban en Mᥱoᥕ ᥕorᥣd♡: <@!548702615165337610> [0m
[34m[Sep 30th 21:18][0m [33mSunflower♡#6095 uso server en Mᥱoᥕ ᥕorᥣd♡ [0m
[34m[Sep 30th 22:47][0m [33mLykkev#0707 uso poll en Mᥱoᥕ ᥕorᥣd♡: vemos,esa,o,no [0m
[34m[Sep 30th 22:50][0m [33mLykkev#0707 uso poll en Mᥱoᥕ ᥕorᥣd♡: vemos,esa? [0m
[34m[Sep 30th 22:56][0m [33mLykkev#0707 uso poll en Mᥱoᥕ ᥕorᥣd♡: vemos,la,de,accion? [0m
